<?xml version="1.0" ?>
<coverage version="7.13.5" timestamp="1782392420653" lines-valid="2182" lines-covered="229" line-rate="0.1049" branches-valid="628" branches-covered="0" branch-rate="0" complexity="0">
	<!-- Generated by coverage.py: https://coverage.readthedocs.io/en/7.13.5 -->
	<!-- Based on https://raw.githubusercontent.com/cobertura/web/master/htdocs/xml/coverage-04.dtd -->
	<sources>
		<source>/Users/laurenmason/Documents/sting</source>
	</sources>
	<packages>
		<package name="src.sting" line-rate="0.1049" branch-rate="0" complexity="0">
			<classes>
				<class name="__init__.py" filename="src/sting/__init__.py" complexity="0" line-rate="1" branch-rate="1">
					<methods/>
					<lines>
						<line number="1" hits="1"/>
						<line number="2" hits="1"/>
						<line number="3" hits="1"/>
						<line number="4" hits="1"/>
						<line number="5" hits="1"/>
						<line number="7" hits="1"/>
					</lines>
				</class>
				<class name="_version.py" filename="src/sting/_version.py" complexity="0" line-rate="1" branch-rate="1">
					<methods/>
					<lines>
						<line number="3" hits="1"/>
						<line number="5" hits="1"/>
						<line number="14" hits="1"/>
						<line number="15" hits="1"/>
						<line number="16" hits="1"/>
						<line number="17" hits="1"/>
						<line number="18" hits="1"/>
						<line number="19" hits="1"/>
						<line number="21" hits="1"/>
						<line number="22" hits="1"/>
						<line number="24" hits="1"/>
					</lines>
				</class>
				<class name="errors.py" filename="src/sting/errors.py" complexity="0" line-rate="0.09446" branch-rate="0">
					<methods/>
					<lines>
						<line number="8" hits="1"/>
						<line number="9" hits="1"/>
						<line number="10" hits="1"/>
						<line number="11" hits="1"/>
						<line number="12" hits="1"/>
						<line number="13" hits="1"/>
						<line number="14" hits="1"/>
						<line number="15" hits="1"/>
						<line number="16" hits="1"/>
						<line number="20" hits="1"/>
						<line number="21" hits="1"/>
						<line number="22" hits="1"/>
						<line number="23" hits="1"/>
						<line number="26" hits="1"/>
						<line number="27" hits="1"/>
						<line number="28" hits="1"/>
						<line number="44" hits="1"/>
						<line number="61" hits="1"/>
						<line number="73" hits="0"/>
						<line number="74" hits="0"/>
						<line number="75" hits="0"/>
						<line number="76" hits="0"/>
						<line number="77" hits="0"/>
						<line number="79" hits="0"/>
						<line number="80" hits="0"/>
						<line number="81" hits="0"/>
						<line number="83" hits="0"/>
						<line number="84" hits="0"/>
						<line number="85" hits="0"/>
						<line number="86" hits="0"/>
						<line number="88" hits="0"/>
						<line number="89" hits="0"/>
						<line number="92" hits="0"/>
						<line number="93" hits="0"/>
						<line number="94" hits="0"/>
						<line number="95" hits="0"/>
						<line number="96" hits="0"/>
						<line number="98" hits="0"/>
						<line number="99" hits="0"/>
						<line number="100" hits="0"/>
						<line number="101" hits="0"/>
						<line number="103" hits="0"/>
						<line number="104" hits="0"/>
						<line number="105" hits="0"/>
						<line number="106" hits="0"/>
						<line number="108" hits="0"/>
						<line number="109" hits="0"/>
						<line number="111" hits="0"/>
						<line number="112" hits="0"/>
						<line number="113" hits="0"/>
						<line number="114" hits="0"/>
						<line number="116" hits="0"/>
						<line number="117" hits="0"/>
						<line number="119" hits="1"/>
						<line number="120" hits="1"/>
						<line number="123" hits="0"/>
						<line number="125" hits="0"/>
						<line number="126" hits="0" branch="true" condition-coverage="0% (0/2)" missing-branches="127,129"/>
						<line number="127" hits="0"/>
						<line number="129" hits="0" branch="true" condition-coverage="0% (0/2)" missing-branches="130,131"/>
						<line number="130" hits="0"/>
						<line number="131" hits="0" branch="true" condition-coverage="0% (0/2)" missing-branches="132,133"/>
						<line number="132" hits="0"/>
						<line number="133" hits="0" branch="true" condition-coverage="0% (0/2)" missing-branches="134,136"/>
						<line number="134" hits="0"/>
						<line number="136" hits="0"/>
						<line number="138" hits="0"/>
						<line number="139" hits="0"/>
						<line number="141" hits="0"/>
						<line number="142" hits="0"/>
						<line number="156" hits="0"/>
						<line number="157" hits="0"/>
						<line number="158" hits="0"/>
						<line number="159" hits="0"/>
						<line number="160" hits="0"/>
						<line number="161" hits="0"/>
						<line number="163" hits="0"/>
						<line number="164" hits="0"/>
						<line number="165" hits="0"/>
						<line number="166" hits="0"/>
						<line number="167" hits="0"/>
						<line number="168" hits="0"/>
						<line number="169" hits="0"/>
						<line number="172" hits="0"/>
						<line number="180" hits="0"/>
						<line number="182" hits="0"/>
						<line number="184" hits="0" branch="true" condition-coverage="0% (0/2)" missing-branches="185,189"/>
						<line number="185" hits="0"/>
						<line number="186" hits="0"/>
						<line number="187" hits="0"/>
						<line number="189" hits="0"/>
						<line number="190" hits="0"/>
						<line number="191" hits="0"/>
						<line number="192" hits="0"/>
						<line number="193" hits="0"/>
						<line number="194" hits="0"/>
						<line number="195" hits="0"/>
						<line number="196" hits="0"/>
						<line number="197" hits="0"/>
						<line number="198" hits="0"/>
						<line number="199" hits="0"/>
						<line number="200" hits="0"/>
						<line number="203" hits="0"/>
						<line number="204" hits="0"/>
						<line number="206" hits="0"/>
						<line number="208" hits="1"/>
						<line number="210" hits="0"/>
						<line number="211" hits="0"/>
						<line number="212" hits="0" branch="true" condition-coverage="0% (0/2)" missing-branches="213,215"/>
						<line number="213" hits="0"/>
						<line number="215" hits="0" branch="true" condition-coverage="0% (0/2)" missing-branches="216,217"/>
						<line number="216" hits="0"/>
						<line number="217" hits="0" branch="true" condition-coverage="0% (0/2)" missing-branches="218,219"/>
						<line number="218" hits="0"/>
						<line number="219" hits="0" branch="true" condition-coverage="0% (0/2)" missing-branches="220,222"/>
						<line number="220" hits="0"/>
						<line number="222" hits="0"/>
						<line number="224" hits="0"/>
						<line number="225" hits="0"/>
						<line number="227" hits="0"/>
						<line number="241" hits="0"/>
						<line number="242" hits="0"/>
						<line number="243" hits="0"/>
						<line number="244" hits="0"/>
						<line number="246" hits="0"/>
						<line number="248" hits="0"/>
						<line number="249" hits="0"/>
						<line number="250" hits="0"/>
						<line number="252" hits="0"/>
						<line number="253" hits="0"/>
						<line number="254" hits="0"/>
						<line number="257" hits="0"/>
						<line number="259" hits="0"/>
						<line number="261" hits="1"/>
						<line number="311" hits="0" branch="true" condition-coverage="0% (0/2)" missing-branches="312,318"/>
						<line number="312" hits="0"/>
						<line number="313" hits="0" branch="true" condition-coverage="0% (0/2)" missing-branches="314,315"/>
						<line number="314" hits="0"/>
						<line number="315" hits="0" branch="true" condition-coverage="0% (0/2)" missing-branches="316,318"/>
						<line number="316" hits="0"/>
						<line number="318" hits="0" branch="true" condition-coverage="0% (0/2)" missing-branches="319,323"/>
						<line number="319" hits="0"/>
						<line number="323" hits="0"/>
						<line number="324" hits="0"/>
						<line number="325" hits="0" branch="true" condition-coverage="0% (0/2)" missing-branches="326,333"/>
						<line number="326" hits="0"/>
						<line number="327" hits="0" branch="true" condition-coverage="0% (0/2)" missing-branches="328,329"/>
						<line number="328" hits="0"/>
						<line number="329" hits="0"/>
						<line number="333" hits="0"/>
						<line number="334" hits="0"/>
						<line number="337" hits="0"/>
						<line number="339" hits="0" branch="true" condition-coverage="0% (0/2)" missing-branches="340,342"/>
						<line number="340" hits="0"/>
						<line number="342" hits="0"/>
						<line number="344" hits="0"/>
						<line number="345" hits="0"/>
						<line number="346" hits="0" branch="true" condition-coverage="0% (0/2)" missing-branches="347,351"/>
						<line number="347" hits="0"/>
						<line number="351" hits="0"/>
						<line number="352" hits="0"/>
						<line number="353" hits="0"/>
						<line number="354" hits="0"/>
						<line number="355" hits="0"/>
						<line number="367" hits="0"/>
						<line number="369" hits="0"/>
						<line number="370" hits="0"/>
						<line number="371" hits="0" branch="true" condition-coverage="0% (0/2)" missing-branches="372,374"/>
						<line number="372" hits="0"/>
						<line number="373" hits="0"/>
						<line number="374" hits="0"/>
						<line number="375" hits="0"/>
						<line number="387" hits="0"/>
						<line number="392" hits="0" branch="true" condition-coverage="0% (0/2)" missing-branches="393,424"/>
						<line number="393" hits="0"/>
						<line number="394" hits="0"/>
						<line number="395" hits="0"/>
						<line number="396" hits="0"/>
						<line number="397" hits="0"/>
						<line number="406" hits="0"/>
						<line number="408" hits="0"/>
						<line number="410" hits="0"/>
						<line number="412" hits="0" branch="true" condition-coverage="0% (0/2)" missing-branches="413,424"/>
						<line number="413" hits="0"/>
						<line number="417" hits="0"/>
						<line number="418" hits="0"/>
						<line number="419" hits="0"/>
						<line number="420" hits="0"/>
						<line number="421" hits="0"/>
						<line number="424" hits="0"/>
						<line number="427" hits="0"/>
						<line number="430" hits="0"/>
						<line number="431" hits="0"/>
						<line number="432" hits="0"/>
						<line number="434" hits="0" branch="true" condition-coverage="0% (0/2)" missing-branches="435,437"/>
						<line number="435" hits="0"/>
						<line number="436" hits="0"/>
						<line number="437" hits="0"/>
						<line number="438" hits="0"/>
						<line number="440" hits="0"/>
						<line number="441" hits="0"/>
						<line number="443" hits="0" branch="true" condition-coverage="0% (0/2)" missing-branches="444,448"/>
						<line number="444" hits="0"/>
						<line number="445" hits="0"/>
						<line number="448" hits="0"/>
						<line number="450" hits="0"/>
						<line number="452" hits="0"/>
						<line number="453" hits="0" branch="true" condition-coverage="0% (0/2)" missing-branches="454,456"/>
						<line number="454" hits="0"/>
						<line number="456" hits="0"/>
						<line number="458" hits="1"/>
						<line number="484" hits="0" branch="true" condition-coverage="0% (0/2)" missing-branches="485,495"/>
						<line number="485" hits="0" branch="true" condition-coverage="0% (0/2)" missing-branches="486,487"/>
						<line number="486" hits="0"/>
						<line number="487" hits="0" branch="true" condition-coverage="0% (0/2)" missing-branches="488,490"/>
						<line number="488" hits="0"/>
						<line number="490" hits="0" branch="true" condition-coverage="0% (0/2)" missing-branches="491,495"/>
						<line number="491" hits="0" branch="true" condition-coverage="0% (0/2)" missing-branches="490,492"/>
						<line number="492" hits="0"/>
						<line number="495" hits="0"/>
						<line number="496" hits="0" branch="true" condition-coverage="0% (0/2)" missing-branches="497,504"/>
						<line number="497" hits="0" branch="true" condition-coverage="0% (0/2)" missing-branches="498,503"/>
						<line number="498" hits="0"/>
						<line number="499" hits="0" branch="true" condition-coverage="0% (0/2)" missing-branches="500,501"/>
						<line number="500" hits="0"/>
						<line number="501" hits="0"/>
						<line number="503" hits="0"/>
						<line number="504" hits="0"/>
						<line number="506" hits="0"/>
						<line number="507" hits="0"/>
						<line number="508" hits="0"/>
						<line number="509" hits="0" branch="true" condition-coverage="0% (0/2)" missing-branches="510,517"/>
						<line number="510" hits="0"/>
						<line number="511" hits="0"/>
						<line number="512" hits="0"/>
						<line number="513" hits="0" branch="true" condition-coverage="0% (0/2)" missing-branches="514,516"/>
						<line number="514" hits="0"/>
						<line number="516" hits="0"/>
						<line number="517" hits="0"/>
						<line number="518" hits="0" branch="true" condition-coverage="0% (0/2)" missing-branches="519,525"/>
						<line number="519" hits="0" branch="true" condition-coverage="0% (0/2)" missing-branches="520,521"/>
						<line number="520" hits="0"/>
						<line number="521" hits="0" branch="true" condition-coverage="0% (0/2)" missing-branches="522,524"/>
						<line number="522" hits="0"/>
						<line number="524" hits="0"/>
						<line number="525" hits="0"/>
						<line number="527" hits="0"/>
						<line number="528" hits="0"/>
						<line number="530" hits="0"/>
						<line number="531" hits="0"/>
						<line number="532" hits="0"/>
						<line number="534" hits="0"/>
						<line number="538" hits="1"/>
						<line number="540" hits="0"/>
						<line number="541" hits="0"/>
						<line number="542" hits="0"/>
						<line number="544" hits="1"/>
						<line number="546" hits="0"/>
						<line number="548" hits="1"/>
						<line number="549" hits="1"/>
						<line number="567" hits="0"/>
						<line number="568" hits="0"/>
						<line number="569" hits="0"/>
						<line number="570" hits="0"/>
						<line number="571" hits="0"/>
						<line number="574" hits="0"/>
						<line number="575" hits="0"/>
						<line number="578" hits="0"/>
						<line number="585" hits="0"/>
						<line number="594" hits="0"/>
						<line number="595" hits="0"/>
						<line number="598" hits="0"/>
						<line number="601" hits="0"/>
						<line number="603" hits="0"/>
						<line number="604" hits="0"/>
						<line number="606" hits="0"/>
						<line number="607" hits="0"/>
						<line number="608" hits="0"/>
						<line number="611" hits="0"/>
						<line number="612" hits="0"/>
						<line number="614" hits="0"/>
						<line number="615" hits="0"/>
						<line number="616" hits="0"/>
						<line number="617" hits="0"/>
						<line number="618" hits="0"/>
						<line number="621" hits="0"/>
						<line number="622" hits="0"/>
						<line number="624" hits="0"/>
						<line number="625" hits="0"/>
						<line number="627" hits="0"/>
						<line number="628" hits="0"/>
						<line number="629" hits="0"/>
						<line number="630" hits="0"/>
						<line number="633" hits="0"/>
						<line number="634" hits="0"/>
						<line number="638" hits="0"/>
						<line number="640" hits="0"/>
						<line number="641" hits="0"/>
						<line number="642" hits="0"/>
						<line number="645" hits="0"/>
						<line number="647" hits="0"/>
						<line number="661" hits="0"/>
						<line number="663" hits="1"/>
						<line number="665" hits="1"/>
						<line number="667" hits="0"/>
						<line number="668" hits="0"/>
						<line number="669" hits="0"/>
					</lines>
				</class>
				<class name="extract_streamline.py" filename="src/sting/extract_streamline.py" complexity="0" line-rate="0.1311" branch-rate="0">
					<methods/>
					<lines>
						<line number="6" hits="1"/>
						<line number="7" hits="1"/>
						<line number="8" hits="1"/>
						<line number="9" hits="1"/>
						<line number="10" hits="1"/>
						<line number="11" hits="1"/>
						<line number="13" hits="1"/>
						<line number="15" hits="1"/>
						<line number="16" hits="0"/>
						<line number="18" hits="1"/>
						<line number="26" hits="1"/>
						<line number="36" hits="1"/>
						<line number="38" hits="0"/>
						<line number="41" hits="1"/>
						<line number="44" hits="0"/>
						<line number="45" hits="0"/>
						<line number="49" hits="0"/>
						<line number="50" hits="0"/>
						<line number="51" hits="0"/>
						<line number="52" hits="0"/>
						<line number="53" hits="0"/>
						<line number="54" hits="0"/>
						<line number="55" hits="0"/>
						<line number="56" hits="0"/>
						<line number="57" hits="0"/>
						<line number="58" hits="0"/>
						<line number="62" hits="1"/>
						<line number="64" hits="0"/>
						<line number="67" hits="1"/>
						<line number="69" hits="0"/>
						<line number="70" hits="0" branch="true" condition-coverage="0% (0/2)" missing-branches="71,72"/>
						<line number="71" hits="0"/>
						<line number="72" hits="0" branch="true" condition-coverage="0% (0/2)" missing-branches="73,88"/>
						<line number="73" hits="0"/>
						<line number="74" hits="0"/>
						<line number="76" hits="0"/>
						<line number="77" hits="0"/>
						<line number="79" hits="0"/>
						<line number="80" hits="0"/>
						<line number="81" hits="0"/>
						<line number="82" hits="0"/>
						<line number="83" hits="0"/>
						<line number="84" hits="0"/>
						<line number="85" hits="0"/>
						<line number="86" hits="0"/>
						<line number="87" hits="0"/>
						<line number="88" hits="0" branch="true" condition-coverage="0% (0/2)" missing-branches="89,92"/>
						<line number="89" hits="0"/>
						<line number="90" hits="0"/>
						<line number="92" hits="0"/>
						<line number="94" hits="1"/>
						<line number="118" hits="0"/>
						<line number="119" hits="0"/>
						<line number="120" hits="0"/>
						<line number="123" hits="0"/>
						<line number="124" hits="0"/>
						<line number="125" hits="0"/>
						<line number="126" hits="0"/>
						<line number="127" hits="0"/>
						<line number="132" hits="0"/>
						<line number="133" hits="0"/>
						<line number="134" hits="0"/>
						<line number="136" hits="0"/>
						<line number="137" hits="0"/>
						<line number="138" hits="0"/>
						<line number="141" hits="0"/>
						<line number="142" hits="0"/>
						<line number="143" hits="0"/>
						<line number="145" hits="0"/>
						<line number="146" hits="0"/>
						<line number="147" hits="0"/>
						<line number="148" hits="0"/>
						<line number="151" hits="0"/>
						<line number="152" hits="0"/>
						<line number="153" hits="0"/>
						<line number="154" hits="0"/>
						<line number="157" hits="0"/>
						<line number="158" hits="0"/>
						<line number="159" hits="0"/>
						<line number="162" hits="0"/>
						<line number="163" hits="0"/>
						<line number="164" hits="0" branch="true" condition-coverage="0% (0/2)" missing-branches="165,174"/>
						<line number="165" hits="0"/>
						<line number="166" hits="0"/>
						<line number="169" hits="0"/>
						<line number="174" hits="0"/>
						<line number="175" hits="0"/>
						<line number="177" hits="0"/>
						<line number="178" hits="0"/>
						<line number="180" hits="0"/>
						<line number="190" hits="1"/>
						<line number="194" hits="0"/>
						<line number="197" hits="0"/>
						<line number="198" hits="0"/>
						<line number="201" hits="0"/>
						<line number="202" hits="0"/>
						<line number="203" hits="0"/>
						<line number="205" hits="0"/>
						<line number="210" hits="0"/>
						<line number="214" hits="1"/>
						<line number="219" hits="0"/>
						<line number="220" hits="0"/>
						<line number="222" hits="0"/>
						<line number="225" hits="0"/>
						<line number="227" hits="0"/>
						<line number="228" hits="0"/>
						<line number="238" hits="0"/>
						<line number="240" hits="0"/>
						<line number="242" hits="0"/>
						<line number="243" hits="0"/>
						<line number="245" hits="0"/>
						<line number="246" hits="0"/>
						<line number="249" hits="0"/>
						<line number="250" hits="0"/>
						<line number="253" hits="0"/>
						<line number="254" hits="0"/>
						<line number="257" hits="0"/>
						<line number="261" hits="0"/>
						<line number="262" hits="0"/>
						<line number="263" hits="0"/>
						<line number="274" hits="0"/>
						<line number="276" hits="0"/>
						<line number="279" hits="1"/>
						<line number="285" hits="0"/>
						<line number="286" hits="0"/>
						<line number="288" hits="0"/>
						<line number="291" hits="1"/>
						<line number="307" hits="0" branch="true" condition-coverage="0% (0/2)" missing-branches="308,310"/>
						<line number="308" hits="0"/>
						<line number="310" hits="0"/>
						<line number="311" hits="0"/>
						<line number="312" hits="0"/>
						<line number="313" hits="0"/>
						<line number="314" hits="0"/>
						<line number="315" hits="0"/>
						<line number="317" hits="0" branch="true" condition-coverage="0% (0/2)" missing-branches="318,320"/>
						<line number="318" hits="0"/>
						<line number="320" hits="0"/>
						<line number="321" hits="0"/>
						<line number="324" hits="1"/>
						<line number="326" hits="0"/>
						<line number="327" hits="0"/>
						<line number="328" hits="0"/>
						<line number="329" hits="0"/>
						<line number="330" hits="0"/>
						<line number="331" hits="0"/>
						<line number="334" hits="1"/>
						<line number="336" hits="0" branch="true" condition-coverage="0% (0/2)" missing-branches="337,339"/>
						<line number="337" hits="0"/>
						<line number="339" hits="0"/>
						<line number="340" hits="0"/>
						<line number="341" hits="0"/>
						<line number="342" hits="0"/>
						<line number="343" hits="0"/>
						<line number="344" hits="0"/>
						<line number="347" hits="1"/>
						<line number="349" hits="0"/>
						<line number="350" hits="0"/>
						<line number="354" hits="0"/>
						<line number="358" hits="0"/>
						<line number="361" hits="1"/>
						<line number="363" hits="0" branch="true" condition-coverage="0% (0/2)" missing-branches="364,365"/>
						<line number="364" hits="0"/>
						<line number="365" hits="0"/>
						<line number="368" hits="1"/>
						<line number="387" hits="0"/>
						<line number="388" hits="0"/>
						<line number="389" hits="0"/>
						<line number="391" hits="0"/>
						<line number="392" hits="0"/>
						<line number="393" hits="0"/>
						<line number="395" hits="0"/>
						<line number="396" hits="0"/>
						<line number="397" hits="0"/>
						<line number="398" hits="0"/>
						<line number="400" hits="0"/>
						<line number="401" hits="0"/>
						<line number="403" hits="0"/>
						<line number="404" hits="0"/>
						<line number="405" hits="0"/>
						<line number="406" hits="0"/>
						<line number="408" hits="0"/>
						<line number="410" hits="0"/>
					</lines>
				</class>
				<class name="gradient_descent.py" filename="src/sting/gradient_descent.py" complexity="0" line-rate="0.09909" branch-rate="0">
					<methods/>
					<lines>
						<line number="10" hits="1"/>
						<line number="11" hits="1"/>
						<line number="13" hits="1"/>
						<line number="14" hits="1"/>
						<line number="15" hits="1"/>
						<line number="16" hits="1"/>
						<line number="17" hits="1"/>
						<line number="18" hits="1"/>
						<line number="19" hits="1"/>
						<line number="20" hits="1"/>
						<line number="21" hits="1"/>
						<line number="22" hits="1"/>
						<line number="23" hits="1"/>
						<line number="24" hits="1"/>
						<line number="25" hits="1"/>
						<line number="28" hits="1"/>
						<line number="29" hits="1"/>
						<line number="30" hits="1"/>
						<line number="32" hits="1"/>
						<line number="34" hits="1"/>
						<line number="39" hits="1"/>
						<line number="58" hits="1"/>
						<line number="74" hits="1"/>
						<line number="77" hits="1"/>
						<line number="82" hits="1"/>
						<line number="94" hits="1"/>
						<line number="113" hits="1"/>
						<line number="126" hits="1"/>
						<line number="136" hits="1"/>
						<line number="145" hits="0" branch="true" condition-coverage="0% (0/2)" missing-branches="146,148"/>
						<line number="146" hits="0"/>
						<line number="148" hits="0"/>
						<line number="150" hits="0" branch="true" condition-coverage="0% (0/2)" missing-branches="151,162"/>
						<line number="151" hits="0" branch="true" condition-coverage="0% (0/2)" missing-branches="152,161"/>
						<line number="152" hits="0" branch="true" condition-coverage="0% (0/2)" missing-branches="153,154"/>
						<line number="153" hits="0"/>
						<line number="154" hits="0"/>
						<line number="155" hits="0"/>
						<line number="161" hits="0"/>
						<line number="162" hits="0"/>
						<line number="164" hits="1"/>
						<line number="166" hits="0" branch="true" condition-coverage="0% (0/2)" missing-branches="167,171"/>
						<line number="167" hits="0"/>
						<line number="171" hits="0"/>
						<line number="174" hits="1"/>
						<line number="176" hits="0"/>
						<line number="177" hits="0"/>
						<line number="180" hits="1"/>
						<line number="182" hits="0"/>
						<line number="183" hits="0"/>
						<line number="184" hits="0"/>
						<line number="185" hits="0"/>
						<line number="186" hits="0" branch="true" condition-coverage="0% (0/2)" missing-branches="187,188"/>
						<line number="187" hits="0"/>
						<line number="188" hits="0"/>
						<line number="190" hits="1"/>
						<line number="191" hits="1"/>
						<line number="193" hits="0"/>
						<line number="195" hits="1"/>
						<line number="196" hits="1"/>
						<line number="198" hits="0"/>
						<line number="200" hits="1"/>
						<line number="201" hits="1"/>
						<line number="203" hits="0"/>
						<line number="204" hits="0"/>
						<line number="207" hits="1"/>
						<line number="210" hits="0" branch="true" condition-coverage="0% (0/2)" missing-branches="211,212"/>
						<line number="211" hits="0"/>
						<line number="212" hits="0"/>
						<line number="213" hits="0"/>
						<line number="214" hits="0"/>
						<line number="215" hits="0"/>
						<line number="216" hits="0"/>
						<line number="218" hits="1"/>
						<line number="220" hits="0"/>
						<line number="223" hits="1"/>
						<line number="225" hits="0" branch="true" condition-coverage="0% (0/2)" missing-branches="226,227"/>
						<line number="226" hits="0"/>
						<line number="227" hits="0" branch="true" condition-coverage="0% (0/2)" missing-branches="228,230"/>
						<line number="228" hits="0"/>
						<line number="230" hits="0"/>
						<line number="232" hits="0" branch="true" condition-coverage="0% (0/2)" missing-branches="233,243"/>
						<line number="233" hits="0" branch="true" condition-coverage="0% (0/2)" missing-branches="234,236"/>
						<line number="234" hits="0"/>
						<line number="235" hits="0"/>
						<line number="236" hits="0" branch="true" condition-coverage="0% (0/2)" missing-branches="237,241"/>
						<line number="237" hits="0" branch="true" condition-coverage="0% (0/2)" missing-branches="238,239"/>
						<line number="238" hits="0"/>
						<line number="239" hits="0"/>
						<line number="241" hits="0"/>
						<line number="243" hits="0"/>
						<line number="248" hits="0" branch="true" condition-coverage="0% (0/2)" missing-branches="249,258"/>
						<line number="249" hits="0"/>
						<line number="250" hits="0"/>
						<line number="251" hits="0" branch="true" condition-coverage="0% (0/2)" missing-branches="252,253"/>
						<line number="252" hits="0"/>
						<line number="253" hits="0" branch="true" condition-coverage="0% (0/2)" missing-branches="254,258"/>
						<line number="254" hits="0"/>
						<line number="255" hits="0"/>
						<line number="256" hits="0"/>
						<line number="258" hits="0"/>
						<line number="259" hits="0" branch="true" condition-coverage="0% (0/2)" missing-branches="260,265"/>
						<line number="260" hits="0"/>
						<line number="265" hits="0"/>
						<line number="268" hits="1"/>
						<line number="270" hits="0" branch="true" condition-coverage="0% (0/2)" missing-branches="271,279"/>
						<line number="271" hits="0" branch="true" condition-coverage="0% (0/2)" missing-branches="272,273"/>
						<line number="272" hits="0"/>
						<line number="273" hits="0" branch="true" condition-coverage="0% (0/2)" missing-branches="270,274"/>
						<line number="274" hits="0"/>
						<line number="279" hits="0" branch="true" condition-coverage="0% (0/2)" missing-branches="exit,280"/>
						<line number="280" hits="0" branch="true" condition-coverage="0% (0/2)" missing-branches="281,282"/>
						<line number="281" hits="0"/>
						<line number="282" hits="0" branch="true" condition-coverage="0% (0/2)" missing-branches="279,283"/>
						<line number="283" hits="0"/>
						<line number="290" hits="1"/>
						<line number="293" hits="0"/>
						<line number="294" hits="0"/>
						<line number="296" hits="0"/>
						<line number="297" hits="0" branch="true" condition-coverage="0% (0/2)" missing-branches="298,302"/>
						<line number="298" hits="0"/>
						<line number="302" hits="0"/>
						<line number="305" hits="0"/>
						<line number="306" hits="0" branch="true" condition-coverage="0% (0/2)" missing-branches="307,312"/>
						<line number="307" hits="0"/>
						<line number="312" hits="0"/>
						<line number="313" hits="0"/>
						<line number="314" hits="0" branch="true" condition-coverage="0% (0/2)" missing-branches="315,317"/>
						<line number="315" hits="0" branch="true" condition-coverage="0% (0/2)" missing-branches="314,316"/>
						<line number="316" hits="0"/>
						<line number="317" hits="0" branch="true" condition-coverage="0% (0/2)" missing-branches="318,323"/>
						<line number="318" hits="0"/>
						<line number="323" hits="0" branch="true" condition-coverage="0% (0/2)" missing-branches="324,328"/>
						<line number="324" hits="0"/>
						<line number="328" hits="0"/>
						<line number="330" hits="0"/>
						<line number="333" hits="1"/>
						<line number="335" hits="0"/>
						<line number="336" hits="0"/>
						<line number="337" hits="0"/>
						<line number="338" hits="0"/>
						<line number="341" hits="1"/>
						<line number="343" hits="0" branch="true" condition-coverage="0% (0/2)" missing-branches="344,346"/>
						<line number="344" hits="0"/>
						<line number="346" hits="0"/>
						<line number="348" hits="0"/>
						<line number="349" hits="0" branch="true" condition-coverage="0% (0/2)" missing-branches="350,355"/>
						<line number="350" hits="0"/>
						<line number="355" hits="0"/>
						<line number="358" hits="1"/>
						<line number="361" hits="0" branch="true" condition-coverage="0% (0/2)" missing-branches="362,367"/>
						<line number="362" hits="0"/>
						<line number="367" hits="0"/>
						<line number="368" hits="0" branch="true" condition-coverage="0% (0/2)" missing-branches="369,373"/>
						<line number="369" hits="0" branch="true" condition-coverage="0% (0/2)" missing-branches="370,371"/>
						<line number="370" hits="0"/>
						<line number="371" hits="0" branch="true" condition-coverage="0% (0/2)" missing-branches="368,372"/>
						<line number="372" hits="0"/>
						<line number="373" hits="0" branch="true" condition-coverage="0% (0/2)" missing-branches="374,379"/>
						<line number="374" hits="0"/>
						<line number="379" hits="0"/>
						<line number="380" hits="0" branch="true" condition-coverage="0% (0/2)" missing-branches="381,414"/>
						<line number="381" hits="0" branch="true" condition-coverage="0% (0/2)" missing-branches="382,385"/>
						<line number="382" hits="0" branch="true" condition-coverage="0% (0/2)" missing-branches="383,384"/>
						<line number="383" hits="0"/>
						<line number="384" hits="0"/>
						<line number="385" hits="0"/>
						<line number="386" hits="0" branch="true" condition-coverage="0% (0/2)" missing-branches="387,392"/>
						<line number="387" hits="0"/>
						<line number="392" hits="0"/>
						<line number="393" hits="0"/>
						<line number="394" hits="0" branch="true" condition-coverage="0% (0/2)" missing-branches="395,396"/>
						<line number="395" hits="0"/>
						<line number="396" hits="0" branch="true" condition-coverage="0% (0/2)" missing-branches="397,401"/>
						<line number="397" hits="0"/>
						<line number="401" hits="0"/>
						<line number="402" hits="0" branch="true" condition-coverage="0% (0/2)" missing-branches="403,408"/>
						<line number="403" hits="0"/>
						<line number="408" hits="0"/>
						<line number="409" hits="0"/>
						<line number="414" hits="0"/>
						<line number="417" hits="1"/>
						<line number="419" hits="0"/>
						<line number="420" hits="0" branch="true" condition-coverage="0% (0/2)" missing-branches="421,431"/>
						<line number="421" hits="0" branch="true" condition-coverage="0% (0/2)" missing-branches="423,428"/>
						<line number="423" hits="0"/>
						<line number="424" hits="0" branch="true" condition-coverage="0% (0/2)" missing-branches="425,426"/>
						<line number="425" hits="0"/>
						<line number="426" hits="0"/>
						<line number="427" hits="0"/>
						<line number="428" hits="0"/>
						<line number="429" hits="0"/>
						<line number="430" hits="0"/>
						<line number="431" hits="0"/>
						<line number="434" hits="1"/>
						<line number="436" hits="0"/>
						<line number="437" hits="0" branch="true" condition-coverage="0% (0/2)" missing-branches="438,448"/>
						<line number="438" hits="0" branch="true" condition-coverage="0% (0/2)" missing-branches="439,441"/>
						<line number="439" hits="0"/>
						<line number="440" hits="0"/>
						<line number="441" hits="0"/>
						<line number="442" hits="0"/>
						<line number="443" hits="0" branch="true" condition-coverage="0% (0/2)" missing-branches="445,447"/>
						<line number="445" hits="0"/>
						<line number="447" hits="0"/>
						<line number="448" hits="0"/>
						<line number="451" hits="1"/>
						<line number="453" hits="0"/>
						<line number="454" hits="0" branch="true" condition-coverage="0% (0/2)" missing-branches="455,457"/>
						<line number="455" hits="0" branch="true" condition-coverage="0% (0/2)" missing-branches="454,456"/>
						<line number="456" hits="0"/>
						<line number="457" hits="0"/>
						<line number="460" hits="1"/>
						<line number="462" hits="0" branch="true" condition-coverage="0% (0/2)" missing-branches="463,464"/>
						<line number="463" hits="0"/>
						<line number="464" hits="0" branch="true" condition-coverage="0% (0/2)" missing-branches="465,466"/>
						<line number="465" hits="0"/>
						<line number="466" hits="0" branch="true" condition-coverage="0% (0/2)" missing-branches="exit,467"/>
						<line number="467" hits="0"/>
						<line number="469" hits="1"/>
						<line number="471" hits="0" branch="true" condition-coverage="0% (0/2)" missing-branches="472,473"/>
						<line number="472" hits="0"/>
						<line number="473" hits="0" branch="true" condition-coverage="0% (0/2)" missing-branches="474,475"/>
						<line number="474" hits="0"/>
						<line number="475" hits="0" branch="true" condition-coverage="0% (0/2)" missing-branches="exit,476"/>
						<line number="476" hits="0"/>
						<line number="478" hits="1"/>
						<line number="484" hits="0"/>
						<line number="485" hits="0"/>
						<line number="486" hits="0"/>
						<line number="487" hits="0" branch="true" condition-coverage="0% (0/2)" missing-branches="488,490"/>
						<line number="488" hits="0"/>
						<line number="490" hits="0"/>
						<line number="492" hits="0"/>
						<line number="493" hits="0"/>
						<line number="494" hits="0"/>
						<line number="496" hits="0" branch="true" condition-coverage="0% (0/2)" missing-branches="497,511"/>
						<line number="497" hits="0"/>
						<line number="498" hits="0"/>
						<line number="499" hits="0"/>
						<line number="500" hits="0"/>
						<line number="502" hits="0" branch="true" condition-coverage="0% (0/2)" missing-branches="503,508"/>
						<line number="503" hits="0"/>
						<line number="507" hits="0"/>
						<line number="508" hits="0"/>
						<line number="511" hits="0"/>
						<line number="512" hits="0"/>
						<line number="513" hits="0"/>
						<line number="514" hits="0"/>
						<line number="516" hits="0"/>
						<line number="518" hits="1"/>
						<line number="521" hits="0" branch="true" condition-coverage="0% (0/2)" missing-branches="522,524"/>
						<line number="522" hits="0"/>
						<line number="524" hits="0"/>
						<line number="525" hits="0" branch="true" condition-coverage="0% (0/2)" missing-branches="526,532"/>
						<line number="526" hits="0" branch="true" condition-coverage="0% (0/2)" missing-branches="527,528"/>
						<line number="527" hits="0"/>
						<line number="528" hits="0" branch="true" condition-coverage="0% (0/2)" missing-branches="529,530"/>
						<line number="529" hits="0"/>
						<line number="530" hits="0"/>
						<line number="532" hits="0"/>
						<line number="534" hits="1"/>
						<line number="539" hits="0"/>
						<line number="540" hits="0" branch="true" condition-coverage="0% (0/2)" missing-branches="541,543"/>
						<line number="541" hits="0"/>
						<line number="542" hits="0"/>
						<line number="543" hits="0" branch="true" condition-coverage="0% (0/2)" missing-branches="544,545"/>
						<line number="544" hits="0"/>
						<line number="545" hits="0" branch="true" condition-coverage="0% (0/2)" missing-branches="546,547"/>
						<line number="546" hits="0"/>
						<line number="547" hits="0"/>
						<line number="548" hits="0" branch="true" condition-coverage="0% (0/2)" missing-branches="549,551"/>
						<line number="549" hits="0"/>
						<line number="551" hits="0"/>
						<line number="552" hits="0"/>
						<line number="554" hits="1"/>
						<line number="576" hits="0" branch="true" condition-coverage="0% (0/2)" missing-branches="577,578"/>
						<line number="577" hits="0"/>
						<line number="578" hits="0" branch="true" condition-coverage="0% (0/2)" missing-branches="579,581"/>
						<line number="579" hits="0"/>
						<line number="581" hits="0"/>
						<line number="582" hits="0" branch="true" condition-coverage="0% (0/2)" missing-branches="583,627"/>
						<line number="583" hits="0" branch="true" condition-coverage="0% (0/2)" missing-branches="584,588"/>
						<line number="584" hits="0"/>
						<line number="588" hits="0" branch="true" condition-coverage="0% (0/2)" missing-branches="589,593"/>
						<line number="589" hits="0"/>
						<line number="593" hits="0" branch="true" condition-coverage="0% (0/2)" missing-branches="594,598"/>
						<line number="594" hits="0"/>
						<line number="598" hits="0" branch="true" condition-coverage="0% (0/2)" missing-branches="599,601"/>
						<line number="599" hits="0"/>
						<line number="600" hits="0"/>
						<line number="601" hits="0" branch="true" condition-coverage="0% (0/2)" missing-branches="602,604"/>
						<line number="602" hits="0"/>
						<line number="604" hits="0"/>
						<line number="608" hits="0"/>
						<line number="610" hits="0" branch="true" condition-coverage="0% (0/2)" missing-branches="611,615"/>
						<line number="611" hits="0" branch="true" condition-coverage="0% (0/2)" missing-branches="612,613"/>
						<line number="612" hits="0"/>
						<line number="613" hits="0"/>
						<line number="615" hits="0"/>
						<line number="616" hits="0" branch="true" condition-coverage="0% (0/2)" missing-branches="617,621"/>
						<line number="617" hits="0" branch="true" condition-coverage="0% (0/2)" missing-branches="618,619"/>
						<line number="618" hits="0"/>
						<line number="619" hits="0"/>
						<line number="621" hits="0"/>
						<line number="622" hits="0" branch="true" condition-coverage="0% (0/2)" missing-branches="623,626"/>
						<line number="623" hits="0"/>
						<line number="626" hits="0"/>
						<line number="627" hits="0"/>
						<line number="630" hits="1"/>
						<line number="631" hits="1"/>
						<line number="646" hits="0"/>
						<line number="647" hits="0" branch="true" condition-coverage="0% (0/2)" missing-branches="648,651"/>
						<line number="648" hits="0"/>
						<line number="649" hits="0"/>
						<line number="650" hits="0"/>
						<line number="651" hits="0"/>
						<line number="653" hits="1"/>
						<line number="655" hits="0" branch="true" condition-coverage="0% (0/2)" missing-branches="656,657"/>
						<line number="656" hits="0"/>
						<line number="657" hits="0"/>
						<line number="658" hits="0"/>
						<line number="659" hits="0"/>
						<line number="660" hits="0" branch="true" condition-coverage="0% (0/2)" missing-branches="661,665"/>
						<line number="661" hits="0"/>
						<line number="662" hits="0"/>
						<line number="663" hits="0"/>
						<line number="664" hits="0"/>
						<line number="665" hits="0"/>
						<line number="668" hits="1"/>
						<line number="670" hits="0"/>
						<line number="671" hits="0"/>
						<line number="672" hits="0"/>
						<line number="673" hits="0"/>
						<line number="674" hits="0"/>
						<line number="676" hits="0"/>
						<line number="680" hits="0" branch="true" condition-coverage="0% (0/2)" missing-branches="681,683"/>
						<line number="681" hits="0"/>
						<line number="683" hits="0"/>
						<line number="700" hits="0"/>
						<line number="702" hits="1"/>
						<line number="705" hits="0" branch="true" condition-coverage="0% (0/2)" missing-branches="706,707"/>
						<line number="706" hits="0"/>
						<line number="707" hits="0" branch="true" condition-coverage="0% (0/2)" missing-branches="708,709"/>
						<line number="708" hits="0"/>
						<line number="709" hits="0" branch="true" condition-coverage="0% (0/2)" missing-branches="710,712"/>
						<line number="710" hits="0"/>
						<line number="712" hits="0" branch="true" condition-coverage="0% (0/2)" missing-branches="713,715"/>
						<line number="713" hits="0"/>
						<line number="715" hits="0"/>
						<line number="716" hits="0"/>
						<line number="717" hits="0"/>
						<line number="718" hits="0"/>
						<line number="720" hits="0" branch="true" condition-coverage="0% (0/2)" missing-branches="721,722"/>
						<line number="721" hits="0"/>
						<line number="722" hits="0"/>
						<line number="725" hits="1"/>
						<line number="726" hits="1"/>
						<line number="730" hits="0"/>
						<line number="731" hits="0"/>
						<line number="732" hits="0" branch="true" condition-coverage="0% (0/2)" missing-branches="733,734"/>
						<line number="733" hits="0"/>
						<line number="734" hits="0"/>
						<line number="736" hits="1"/>
						<line number="737" hits="1"/>
						<line number="762" hits="0"/>
						<line number="777" hits="0"/>
						<line number="778" hits="0" branch="true" condition-coverage="0% (0/2)" missing-branches="779,781"/>
						<line number="779" hits="0"/>
						<line number="781" hits="0" branch="true" condition-coverage="0% (0/2)" missing-branches="782,783"/>
						<line number="782" hits="0"/>
						<line number="783" hits="0" branch="true" condition-coverage="0% (0/2)" missing-branches="784,785"/>
						<line number="784" hits="0"/>
						<line number="785" hits="0" branch="true" condition-coverage="0% (0/2)" missing-branches="786,788"/>
						<line number="786" hits="0"/>
						<line number="788" hits="0"/>
						<line number="789" hits="0"/>
						<line number="790" hits="0"/>
						<line number="792" hits="0"/>
						<line number="812" hits="0"/>
						<line number="813" hits="0"/>
						<line number="815" hits="0"/>
						<line number="817" hits="0"/>
						<line number="818" hits="0"/>
						<line number="819" hits="0"/>
						<line number="822" hits="0"/>
						<line number="825" hits="1"/>
						<line number="826" hits="1"/>
						<line number="828" hits="0"/>
						<line number="829" hits="0"/>
						<line number="830" hits="0"/>
						<line number="831" hits="0"/>
						<line number="833" hits="0"/>
						<line number="834" hits="0"/>
						<line number="835" hits="0"/>
						<line number="836" hits="0"/>
						<line number="838" hits="0"/>
						<line number="839" hits="0"/>
						<line number="840" hits="0"/>
						<line number="842" hits="1"/>
						<line number="843" hits="1"/>
						<line number="861" hits="0"/>
						<line number="862" hits="0"/>
						<line number="863" hits="0"/>
						<line number="864" hits="0"/>
						<line number="865" hits="0"/>
						<line number="868" hits="0"/>
						<line number="869" hits="0"/>
						<line number="871" hits="0"/>
						<line number="873" hits="0"/>
						<line number="882" hits="0"/>
						<line number="883" hits="0"/>
						<line number="886" hits="0"/>
						<line number="889" hits="0"/>
						<line number="891" hits="0"/>
						<line number="892" hits="0"/>
						<line number="895" hits="0"/>
						<line number="896" hits="0"/>
						<line number="898" hits="0"/>
						<line number="899" hits="0"/>
						<line number="900" hits="0"/>
						<line number="901" hits="0"/>
						<line number="902" hits="0"/>
						<line number="905" hits="0"/>
						<line number="906" hits="0"/>
						<line number="907" hits="0"/>
						<line number="908" hits="0"/>
						<line number="911" hits="0"/>
						<line number="912" hits="0"/>
						<line number="913" hits="0"/>
						<line number="914" hits="0"/>
						<line number="917" hits="0"/>
						<line number="918" hits="0"/>
						<line number="919" hits="0"/>
						<line number="921" hits="0"/>
						<line number="922" hits="0"/>
						<line number="926" hits="0"/>
						<line number="928" hits="0"/>
						<line number="929" hits="0"/>
						<line number="930" hits="0"/>
						<line number="933" hits="0"/>
						<line number="935" hits="0"/>
						<line number="949" hits="0"/>
						<line number="951" hits="1"/>
						<line number="954" hits="1"/>
						<line number="955" hits="1"/>
						<line number="957" hits="0"/>
						<line number="958" hits="0"/>
						<line number="959" hits="0"/>
						<line number="961" hits="1"/>
						<line number="962" hits="1"/>
						<line number="980" hits="0"/>
						<line number="982" hits="0"/>
						<line number="984" hits="0"/>
						<line number="985" hits="0"/>
						<line number="986" hits="0"/>
						<line number="987" hits="0"/>
						<line number="988" hits="0"/>
						<line number="989" hits="0"/>
						<line number="991" hits="0"/>
						<line number="992" hits="0"/>
						<line number="994" hits="0"/>
						<line number="998" hits="0"/>
						<line number="999" hits="0"/>
						<line number="1000" hits="0"/>
						<line number="1002" hits="0"/>
						<line number="1012" hits="0"/>
						<line number="1015" hits="0" branch="true" condition-coverage="0% (0/2)" missing-branches="1016,1020"/>
						<line number="1016" hits="0"/>
						<line number="1017" hits="0"/>
						<line number="1018" hits="0"/>
						<line number="1020" hits="0"/>
						<line number="1021" hits="0"/>
						<line number="1022" hits="0"/>
						<line number="1027" hits="0"/>
						<line number="1029" hits="0"/>
						<line number="1030" hits="0"/>
						<line number="1031" hits="0"/>
						<line number="1032" hits="0"/>
						<line number="1033" hits="0"/>
						<line number="1035" hits="0"/>
						<line number="1036" hits="0"/>
						<line number="1037" hits="0"/>
						<line number="1040" hits="0"/>
						<line number="1046" hits="0"/>
						<line number="1053" hits="0"/>
						<line number="1054" hits="0"/>
						<line number="1055" hits="0"/>
						<line number="1057" hits="0"/>
						<line number="1058" hits="0"/>
						<line number="1060" hits="0"/>
						<line number="1061" hits="0"/>
						<line number="1062" hits="0"/>
						<line number="1063" hits="0" branch="true" condition-coverage="0% (0/2)" missing-branches="1064,1069"/>
						<line number="1064" hits="0"/>
						<line number="1065" hits="0"/>
						<line number="1066" hits="0"/>
						<line number="1067" hits="0"/>
						<line number="1069" hits="0"/>
						<line number="1070" hits="0"/>
						<line number="1071" hits="0"/>
						<line number="1072" hits="0"/>
						<line number="1074" hits="0"/>
						<line number="1077" hits="0"/>
						<line number="1078" hits="0"/>
						<line number="1080" hits="0" branch="true" condition-coverage="0% (0/2)" missing-branches="1081,1090"/>
						<line number="1081" hits="0"/>
						<line number="1090" hits="0"/>
						<line number="1099" hits="0"/>
						<line number="1116" hits="0"/>
						<line number="1121" hits="0"/>
						<line number="1125" hits="1"/>
						<line number="1139" hits="1"/>
						<line number="1193" hits="0"/>
						<line number="1195" hits="0"/>
						<line number="1196" hits="0"/>
						<line number="1197" hits="0"/>
						<line number="1198" hits="0"/>
						<line number="1199" hits="0"/>
						<line number="1201" hits="0"/>
						<line number="1204" hits="0"/>
						<line number="1206" hits="0"/>
						<line number="1214" hits="0"/>
						<line number="1215" hits="0"/>
						<line number="1219" hits="0"/>
						<line number="1221" hits="0"/>
						<line number="1235" hits="1"/>
						<line number="1340" hits="0"/>
						<line number="1341" hits="0"/>
						<line number="1343" hits="0"/>
						<line number="1345" hits="0"/>
						<line number="1352" hits="0"/>
						<line number="1353" hits="0"/>
						<line number="1358" hits="0"/>
						<line number="1361" hits="0"/>
						<line number="1364" hits="0"/>
						<line number="1365" hits="0"/>
						<line number="1366" hits="0"/>
						<line number="1367" hits="0"/>
						<line number="1370" hits="0"/>
						<line number="1371" hits="0"/>
						<line number="1372" hits="0"/>
						<line number="1373" hits="0"/>
						<line number="1374" hits="0"/>
						<line number="1375" hits="0" branch="true" condition-coverage="0% (0/2)" missing-branches="1376,1377"/>
						<line number="1376" hits="0"/>
						<line number="1377" hits="0" branch="true" condition-coverage="0% (0/2)" missing-branches="1378,1379"/>
						<line number="1378" hits="0"/>
						<line number="1379" hits="0"/>
						<line number="1383" hits="0"/>
						<line number="1386" hits="0"/>
						<line number="1388" hits="0"/>
						<line number="1391" hits="0"/>
						<line number="1394" hits="0" branch="true" condition-coverage="0% (0/2)" missing-branches="1395,1399"/>
						<line number="1395" hits="0"/>
						<line number="1396" hits="0"/>
						<line number="1397" hits="0"/>
						<line number="1399" hits="0"/>
						<line number="1401" hits="0"/>
						<line number="1403" hits="0"/>
						<line number="1404" hits="0"/>
						<line number="1405" hits="0"/>
						<line number="1406" hits="0"/>
						<line number="1407" hits="0"/>
						<line number="1417" hits="0"/>
						<line number="1421" hits="0"/>
						<line number="1425" hits="0"/>
						<line number="1426" hits="0"/>
						<line number="1429" hits="0"/>
						<line number="1430" hits="0" branch="true" condition-coverage="0% (0/2)" missing-branches="1431,1435"/>
						<line number="1431" hits="0"/>
						<line number="1435" hits="0"/>
						<line number="1436" hits="0"/>
						<line number="1437" hits="0"/>
						<line number="1438" hits="0"/>
						<line number="1439" hits="0"/>
						<line number="1440" hits="0"/>
						<line number="1441" hits="0"/>
						<line number="1442" hits="0"/>
						<line number="1443" hits="0"/>
						<line number="1444" hits="0"/>
						<line number="1446" hits="0" branch="true" condition-coverage="0% (0/2)" missing-branches="1447,1453"/>
						<line number="1447" hits="0"/>
						<line number="1448" hits="0" branch="true" condition-coverage="0% (0/2)" missing-branches="1449,1450"/>
						<line number="1449" hits="0"/>
						<line number="1450" hits="0" branch="true" condition-coverage="0% (0/2)" missing-branches="1451,1453"/>
						<line number="1451" hits="0"/>
						<line number="1453" hits="0" branch="true" condition-coverage="0% (0/2)" missing-branches="1454,1463"/>
						<line number="1454" hits="0"/>
						<line number="1455" hits="0" branch="true" condition-coverage="0% (0/2)" missing-branches="1456,1457"/>
						<line number="1456" hits="0"/>
						<line number="1457" hits="0" branch="true" condition-coverage="0% (0/2)" missing-branches="1458,1459"/>
						<line number="1458" hits="0"/>
						<line number="1459" hits="0" branch="true" condition-coverage="0% (0/2)" missing-branches="1460,1463"/>
						<line number="1460" hits="0"/>
						<line number="1463" hits="0"/>
						<line number="1464" hits="0"/>
						<line number="1465" hits="0"/>
						<line number="1466" hits="0"/>
						<line number="1467" hits="0" branch="true" condition-coverage="0% (0/2)" missing-branches="1468,1494"/>
						<line number="1468" hits="0"/>
						<line number="1470" hits="0"/>
						<line number="1471" hits="0"/>
						<line number="1473" hits="0"/>
						<line number="1474" hits="0"/>
						<line number="1475" hits="0" branch="true" condition-coverage="0% (0/2)" missing-branches="1477,1481"/>
						<line number="1477" hits="0" branch="true" condition-coverage="0% (0/2)" missing-branches="1478,1479"/>
						<line number="1478" hits="0"/>
						<line number="1479" hits="0" branch="true" condition-coverage="0% (0/2)" missing-branches="1480,1481"/>
						<line number="1480" hits="0"/>
						<line number="1481" hits="0"/>
						<line number="1482" hits="0"/>
						<line number="1483" hits="0"/>
						<line number="1485" hits="0"/>
						<line number="1486" hits="0"/>
						<line number="1487" hits="0"/>
						<line number="1491" hits="0"/>
						<line number="1492" hits="0"/>
						<line number="1494" hits="0"/>
						<line number="1495" hits="0"/>
						<line number="1496" hits="0"/>
						<line number="1497" hits="0"/>
						<line number="1498" hits="0" branch="true" condition-coverage="0% (0/2)" missing-branches="1499,1502"/>
						<line number="1499" hits="0"/>
						<line number="1500" hits="0" branch="true" condition-coverage="0% (0/2)" missing-branches="1501,1502"/>
						<line number="1501" hits="0"/>
						<line number="1502" hits="0" branch="true" condition-coverage="0% (0/2)" missing-branches="1503,1507"/>
						<line number="1503" hits="0"/>
						<line number="1507" hits="0" branch="true" condition-coverage="0% (0/2)" missing-branches="1508,1512"/>
						<line number="1508" hits="0"/>
						<line number="1512" hits="0"/>
						<line number="1513" hits="0" branch="true" condition-coverage="0% (0/2)" missing-branches="1514,1515"/>
						<line number="1514" hits="0"/>
						<line number="1515" hits="0"/>
						<line number="1518" hits="0"/>
						<line number="1519" hits="0" branch="true" condition-coverage="0% (0/2)" missing-branches="1520,1528"/>
						<line number="1520" hits="0"/>
						<line number="1521" hits="0" branch="true" condition-coverage="0% (0/2)" missing-branches="1522,1523"/>
						<line number="1522" hits="0"/>
						<line number="1523" hits="0"/>
						<line number="1524" hits="0"/>
						<line number="1525" hits="0"/>
						<line number="1528" hits="0" branch="true" condition-coverage="0% (0/2)" missing-branches="1530,1540"/>
						<line number="1530" hits="0"/>
						<line number="1531" hits="0"/>
						<line number="1532" hits="0"/>
						<line number="1535" hits="0"/>
						<line number="1536" hits="0"/>
						<line number="1537" hits="0"/>
						<line number="1540" hits="0"/>
						<line number="1541" hits="0" branch="true" condition-coverage="0% (0/2)" missing-branches="1542,1660"/>
						<line number="1542" hits="0" branch="true" condition-coverage="0% (0/2)" missing-branches="1543,1545"/>
						<line number="1543" hits="0"/>
						<line number="1545" hits="0"/>
						<line number="1546" hits="0"/>
						<line number="1550" hits="0"/>
						<line number="1551" hits="0"/>
						<line number="1554" hits="0" branch="true" condition-coverage="0% (0/2)" missing-branches="1555,1572"/>
						<line number="1555" hits="0" branch="true" condition-coverage="0% (0/2)" missing-branches="1557,1558"/>
						<line number="1557" hits="0"/>
						<line number="1558" hits="0" branch="true" condition-coverage="0% (0/2)" missing-branches="1560,1561"/>
						<line number="1560" hits="0"/>
						<line number="1561" hits="0" branch="true" condition-coverage="0% (0/2)" missing-branches="1563,1564"/>
						<line number="1563" hits="0"/>
						<line number="1564" hits="0" branch="true" condition-coverage="0% (0/2)" missing-branches="1566,1568"/>
						<line number="1566" hits="0"/>
						<line number="1568" hits="0"/>
						<line number="1572" hits="0"/>
						<line number="1575" hits="0"/>
						<line number="1577" hits="0"/>
						<line number="1580" hits="0"/>
						<line number="1581" hits="0" branch="true" condition-coverage="0% (0/2)" missing-branches="1582,1588"/>
						<line number="1582" hits="0"/>
						<line number="1585" hits="0"/>
						<line number="1588" hits="0"/>
						<line number="1589" hits="0"/>
						<line number="1593" hits="0" branch="true" condition-coverage="0% (0/2)" missing-branches="1594,1602"/>
						<line number="1594" hits="0"/>
						<line number="1595" hits="0" branch="true" condition-coverage="0% (0/2)" missing-branches="1596,1597"/>
						<line number="1596" hits="0"/>
						<line number="1597" hits="0"/>
						<line number="1598" hits="0"/>
						<line number="1599" hits="0"/>
						<line number="1602" hits="0"/>
						<line number="1604" hits="0" branch="true" condition-coverage="0% (0/2)" missing-branches="1606,1611"/>
						<line number="1606" hits="0"/>
						<line number="1607" hits="0"/>
						<line number="1608" hits="0"/>
						<line number="1611" hits="0" branch="true" condition-coverage="0% (0/2)" missing-branches="1612,1618"/>
						<line number="1612" hits="0"/>
						<line number="1613" hits="0"/>
						<line number="1614" hits="0"/>
						<line number="1615" hits="0"/>
						<line number="1616" hits="0"/>
						<line number="1618" hits="0"/>
						<line number="1620" hits="0" branch="true" condition-coverage="0% (0/2)" missing-branches="1621,1626"/>
						<line number="1621" hits="0" branch="true" condition-coverage="0% (0/2)" missing-branches="1622,1624"/>
						<line number="1622" hits="0"/>
						<line number="1624" hits="0"/>
						<line number="1626" hits="0" branch="true" condition-coverage="0% (0/2)" missing-branches="1627,1633"/>
						<line number="1627" hits="0" branch="true" condition-coverage="0% (0/2)" missing-branches="1628,1630"/>
						<line number="1628" hits="0"/>
						<line number="1630" hits="0"/>
						<line number="1633" hits="0" branch="true" condition-coverage="0% (0/2)" missing-branches="1634,1640"/>
						<line number="1634" hits="0" branch="true" condition-coverage="0% (0/2)" missing-branches="1635,1637"/>
						<line number="1635" hits="0"/>
						<line number="1637" hits="0"/>
						<line number="1640" hits="0" branch="true" condition-coverage="0% (0/2)" missing-branches="1641,1647"/>
						<line number="1641" hits="0"/>
						<line number="1645" hits="0"/>
						<line number="1647" hits="0" branch="true" condition-coverage="0% (0/2)" missing-branches="1648,1654"/>
						<line number="1648" hits="0"/>
						<line number="1652" hits="0"/>
						<line number="1654" hits="0" branch="true" condition-coverage="0% (0/2)" missing-branches="1541,1655"/>
						<line number="1655" hits="0"/>
						<line number="1656" hits="0"/>
						<line number="1660" hits="0"/>
						<line number="1664" hits="0" branch="true" condition-coverage="0% (0/2)" missing-branches="1665,1668"/>
						<line number="1665" hits="0"/>
						<line number="1666" hits="0"/>
						<line number="1667" hits="0"/>
						<line number="1668" hits="0" branch="true" condition-coverage="0% (0/2)" missing-branches="1669,1673"/>
						<line number="1669" hits="0"/>
						<line number="1670" hits="0"/>
						<line number="1671" hits="0"/>
						<line number="1673" hits="0"/>
						<line number="1674" hits="0"/>
						<line number="1677" hits="0"/>
						<line number="1678" hits="0"/>
						<line number="1679" hits="0"/>
						<line number="1680" hits="0"/>
						<line number="1682" hits="0"/>
						<line number="1683" hits="0"/>
						<line number="1684" hits="0"/>
						<line number="1699" hits="0"/>
						<line number="1700" hits="0"/>
						<line number="1701" hits="0"/>
						<line number="1702" hits="0"/>
						<line number="1704" hits="0"/>
						<line number="1705" hits="0"/>
						<line number="1706" hits="0"/>
						<line number="1708" hits="0" branch="true" condition-coverage="0% (0/2)" missing-branches="1709,1719"/>
						<line number="1709" hits="0" branch="true" condition-coverage="0% (0/2)" missing-branches="1710,1719"/>
						<line number="1710" hits="0"/>
						<line number="1711" hits="0"/>
						<line number="1712" hits="0"/>
						<line number="1713" hits="0"/>
						<line number="1714" hits="0"/>
						<line number="1715" hits="0"/>
						<line number="1716" hits="0"/>
						<line number="1717" hits="0"/>
						<line number="1719" hits="0"/>
						<line number="1720" hits="0"/>
						<line number="1721" hits="0" branch="true" condition-coverage="0% (0/2)" missing-branches="1722,1729"/>
						<line number="1722" hits="0"/>
						<line number="1723" hits="0" branch="true" condition-coverage="0% (0/2)" missing-branches="1724,1727"/>
						<line number="1724" hits="0"/>
						<line number="1725" hits="0"/>
						<line number="1727" hits="0"/>
						<line number="1729" hits="0"/>
						<line number="1732" hits="0" branch="true" condition-coverage="0% (0/2)" missing-branches="1733,1750"/>
						<line number="1733" hits="0"/>
						<line number="1734" hits="0"/>
						<line number="1750" hits="0"/>
						<line number="1751" hits="0" branch="true" condition-coverage="0% (0/2)" missing-branches="1752,1761"/>
						<line number="1752" hits="0"/>
						<line number="1761" hits="0"/>
					</lines>
				</class>
				<class name="outputs.py" filename="src/sting/outputs.py" complexity="0" line-rate="0.05502" branch-rate="0">
					<methods/>
					<lines>
						<line number="7" hits="1"/>
						<line number="8" hits="1"/>
						<line number="9" hits="1"/>
						<line number="10" hits="1"/>
						<line number="11" hits="1"/>
						<line number="12" hits="1"/>
						<line number="13" hits="1"/>
						<line number="14" hits="1"/>
						<line number="15" hits="1"/>
						<line number="16" hits="1"/>
						<line number="17" hits="1"/>
						<line number="20" hits="1"/>
						<line number="21" hits="1"/>
						<line number="23" hits="1"/>
						<line number="29" hits="0" branch="true" condition-coverage="0% (0/2)" missing-branches="30,31"/>
						<line number="30" hits="0"/>
						<line number="31" hits="0"/>
						<line number="32" hits="0"/>
						<line number="35" hits="1"/>
						<line number="63" hits="0"/>
						<line number="65" hits="0"/>
						<line number="66" hits="0"/>
						<line number="67" hits="0"/>
						<line number="69" hits="0"/>
						<line number="77" hits="0"/>
						<line number="78" hits="0" branch="true" condition-coverage="0% (0/2)" missing-branches="79,84"/>
						<line number="79" hits="0"/>
						<line number="80" hits="0"/>
						<line number="81" hits="0"/>
						<line number="82" hits="0"/>
						<line number="84" hits="0"/>
						<line number="96" hits="1"/>
						<line number="137" hits="0"/>
						<line number="138" hits="0"/>
						<line number="141" hits="0"/>
						<line number="144" hits="0"/>
						<line number="146" hits="0"/>
						<line number="159" hits="0"/>
						<line number="176" hits="0" branch="true" condition-coverage="0% (0/2)" missing-branches="exit,177"/>
						<line number="177" hits="0" branch="true" condition-coverage="0% (0/2)" missing-branches="178,182"/>
						<line number="178" hits="0"/>
						<line number="179" hits="0"/>
						<line number="180" hits="0"/>
						<line number="182" hits="0"/>
						<line number="183" hits="0"/>
						<line number="184" hits="0"/>
						<line number="185" hits="0"/>
						<line number="186" hits="0"/>
						<line number="187" hits="0"/>
						<line number="188" hits="0"/>
						<line number="191" hits="1"/>
						<line number="196" hits="0"/>
						<line number="197" hits="0"/>
						<line number="200" hits="0"/>
						<line number="201" hits="0" branch="true" condition-coverage="0% (0/2)" missing-branches="202,219"/>
						<line number="202" hits="0"/>
						<line number="203" hits="0"/>
						<line number="207" hits="0" branch="true" condition-coverage="0% (0/2)" missing-branches="210,216"/>
						<line number="210" hits="0"/>
						<line number="211" hits="0" branch="true" condition-coverage="0% (0/2)" missing-branches="212,214"/>
						<line number="212" hits="0"/>
						<line number="214" hits="0"/>
						<line number="215" hits="0"/>
						<line number="216" hits="0"/>
						<line number="219" hits="0"/>
						<line number="220" hits="0" branch="true" condition-coverage="0% (0/2)" missing-branches="221,232"/>
						<line number="221" hits="0" branch="true" condition-coverage="0% (0/2)" missing-branches="222,226"/>
						<line number="222" hits="0"/>
						<line number="225" hits="0"/>
						<line number="226" hits="0"/>
						<line number="227" hits="0"/>
						<line number="232" hits="0"/>
						<line number="237" hits="0"/>
						<line number="238" hits="0"/>
						<line number="241" hits="1"/>
						<line number="246" hits="0"/>
						<line number="247" hits="0" branch="true" condition-coverage="0% (0/2)" missing-branches="exit,248"/>
						<line number="248" hits="0"/>
						<line number="249" hits="0" branch="true" condition-coverage="0% (0/2)" missing-branches="247,250"/>
						<line number="250" hits="0"/>
						<line number="251" hits="0"/>
						<line number="252" hits="0"/>
						<line number="253" hits="0"/>
						<line number="255" hits="1"/>
						<line number="256" hits="0"/>
						<line number="257" hits="0"/>
						<line number="258" hits="0" branch="true" condition-coverage="0% (0/2)" missing-branches="259,260"/>
						<line number="259" hits="0"/>
						<line number="260" hits="0"/>
						<line number="263" hits="1"/>
						<line number="267" hits="0"/>
						<line number="268" hits="0"/>
						<line number="270" hits="0"/>
						<line number="271" hits="0" branch="true" condition-coverage="0% (0/2)" missing-branches="272,278"/>
						<line number="272" hits="0"/>
						<line number="276" hits="0"/>
						<line number="278" hits="0"/>
						<line number="279" hits="0"/>
						<line number="290" hits="0"/>
						<line number="291" hits="0"/>
						<line number="292" hits="0"/>
						<line number="293" hits="0"/>
						<line number="294" hits="0"/>
						<line number="296" hits="1"/>
						<line number="300" hits="0"/>
						<line number="304" hits="0"/>
						<line number="305" hits="0"/>
						<line number="306" hits="0"/>
						<line number="307" hits="0"/>
						<line number="308" hits="0"/>
						<line number="309" hits="0"/>
						<line number="310" hits="0"/>
						<line number="311" hits="0"/>
						<line number="312" hits="0" branch="true" condition-coverage="0% (0/2)" missing-branches="313,315"/>
						<line number="313" hits="0"/>
						<line number="314" hits="0"/>
						<line number="315" hits="0" branch="true" condition-coverage="0% (0/2)" missing-branches="316,318"/>
						<line number="316" hits="0"/>
						<line number="318" hits="0"/>
						<line number="321" hits="1"/>
						<line number="333" hits="0"/>
						<line number="334" hits="0"/>
						<line number="335" hits="0"/>
						<line number="336" hits="0" branch="true" condition-coverage="0% (0/2)" missing-branches="337,339"/>
						<line number="337" hits="0"/>
						<line number="339" hits="0"/>
						<line number="340" hits="0"/>
						<line number="341" hits="0"/>
						<line number="342" hits="0"/>
						<line number="343" hits="0"/>
						<line number="344" hits="0"/>
						<line number="345" hits="0"/>
						<line number="346" hits="0"/>
						<line number="347" hits="0"/>
						<line number="348" hits="0"/>
						<line number="350" hits="1"/>
						<line number="363" hits="0"/>
						<line number="364" hits="0"/>
						<line number="365" hits="0"/>
						<line number="366" hits="0"/>
						<line number="367" hits="0"/>
						<line number="368" hits="0"/>
						<line number="370" hits="0"/>
						<line number="373" hits="0"/>
						<line number="374" hits="0" branch="true" condition-coverage="0% (0/2)" missing-branches="376,405"/>
						<line number="376" hits="0"/>
						<line number="377" hits="0"/>
						<line number="378" hits="0"/>
						<line number="379" hits="0"/>
						<line number="380" hits="0"/>
						<line number="382" hits="0"/>
						<line number="391" hits="0"/>
						<line number="405" hits="0"/>
						<line number="410" hits="0"/>
						<line number="415" hits="0"/>
						<line number="416" hits="0"/>
						<line number="417" hits="0"/>
						<line number="419" hits="0"/>
						<line number="420" hits="0"/>
						<line number="422" hits="0"/>
						<line number="423" hits="0"/>
						<line number="426" hits="0"/>
						<line number="427" hits="0"/>
						<line number="429" hits="0"/>
						<line number="430" hits="0"/>
						<line number="433" hits="0"/>
						<line number="436" hits="0" branch="true" condition-coverage="0% (0/2)" missing-branches="437,454"/>
						<line number="437" hits="0"/>
						<line number="454" hits="0" branch="true" condition-coverage="0% (0/2)" missing-branches="exit,455"/>
						<line number="455" hits="0"/>
						<line number="456" hits="0"/>
						<line number="458" hits="1"/>
						<line number="481" hits="0"/>
						<line number="482" hits="0"/>
						<line number="483" hits="0"/>
						<line number="484" hits="0"/>
						<line number="485" hits="0"/>
						<line number="486" hits="0" branch="true" condition-coverage="0% (0/2)" missing-branches="487,493"/>
						<line number="487" hits="0"/>
						<line number="488" hits="0"/>
						<line number="489" hits="0"/>
						<line number="490" hits="0"/>
						<line number="491" hits="0"/>
						<line number="493" hits="0"/>
						<line number="494" hits="0" branch="true" condition-coverage="0% (0/2)" missing-branches="495,498"/>
						<line number="495" hits="0"/>
						<line number="498" hits="0" branch="true" condition-coverage="0% (0/2)" missing-branches="499,506"/>
						<line number="499" hits="0"/>
						<line number="506" hits="0" branch="true" condition-coverage="0% (0/2)" missing-branches="507,521"/>
						<line number="507" hits="0"/>
						<line number="508" hits="0"/>
						<line number="510" hits="0" branch="true" condition-coverage="0% (0/2)" missing-branches="511,521"/>
						<line number="511" hits="0"/>
						<line number="512" hits="0"/>
						<line number="516" hits="0"/>
						<line number="517" hits="0"/>
						<line number="521" hits="0" branch="true" condition-coverage="0% (0/2)" missing-branches="522,525"/>
						<line number="522" hits="0"/>
						<line number="525" hits="0" branch="true" condition-coverage="0% (0/2)" missing-branches="526,536"/>
						<line number="526" hits="0" branch="true" condition-coverage="0% (0/2)" missing-branches="527,536"/>
						<line number="527" hits="0"/>
						<line number="536" hits="0" branch="true" condition-coverage="0% (0/2)" missing-branches="537,548"/>
						<line number="537" hits="0"/>
						<line number="538" hits="0"/>
						<line number="548" hits="0" branch="true" condition-coverage="0% (0/2)" missing-branches="549,570"/>
						<line number="549" hits="0" branch="true" condition-coverage="0% (0/2)" missing-branches="550,561"/>
						<line number="550" hits="0"/>
						<line number="561" hits="0"/>
						<line number="570" hits="0"/>
						<line number="571" hits="0"/>
						<line number="572" hits="0"/>
						<line number="573" hits="0"/>
						<line number="574" hits="0"/>
						<line number="576" hits="0" branch="true" condition-coverage="0% (0/2)" missing-branches="577,579"/>
						<line number="577" hits="0"/>
						<line number="579" hits="0" branch="true" condition-coverage="0% (0/2)" missing-branches="580,582"/>
						<line number="580" hits="0"/>
						<line number="582" hits="0"/>
						<line number="583" hits="0"/>
						<line number="584" hits="0"/>
						<line number="585" hits="0"/>
						<line number="586" hits="0" branch="true" condition-coverage="0% (0/2)" missing-branches="587,589"/>
						<line number="587" hits="0"/>
						<line number="589" hits="0" branch="true" condition-coverage="0% (0/2)" missing-branches="590,592"/>
						<line number="590" hits="0"/>
						<line number="592" hits="0"/>
						<line number="593" hits="0"/>
						<line number="594" hits="0"/>
						<line number="595" hits="0"/>
						<line number="596" hits="0"/>
						<line number="597" hits="0"/>
						<line number="598" hits="0"/>
						<line number="599" hits="0" branch="true" condition-coverage="0% (0/2)" missing-branches="601,603"/>
						<line number="601" hits="0"/>
						<line number="602" hits="0"/>
						<line number="603" hits="0" branch="true" condition-coverage="0% (0/2)" missing-branches="604,606"/>
						<line number="604" hits="0"/>
						<line number="606" hits="0"/>
						<line number="608" hits="1"/>
						<line number="619" hits="0"/>
						<line number="620" hits="0"/>
						<line number="621" hits="0"/>
						<line number="622" hits="0"/>
						<line number="623" hits="0"/>
						<line number="624" hits="0"/>
						<line number="626" hits="0"/>
						<line number="628" hits="0"/>
						<line number="631" hits="0" branch="true" condition-coverage="0% (0/2)" missing-branches="633,653"/>
						<line number="633" hits="0"/>
						<line number="634" hits="0"/>
						<line number="635" hits="0"/>
						<line number="636" hits="0"/>
						<line number="637" hits="0"/>
						<line number="638" hits="0"/>
						<line number="642" hits="0"/>
						<line number="653" hits="0"/>
						<line number="654" hits="0" branch="true" condition-coverage="0% (0/2)" missing-branches="655,656"/>
						<line number="655" hits="0"/>
						<line number="656" hits="0"/>
						<line number="657" hits="0"/>
						<line number="660" hits="0"/>
						<line number="661" hits="0" branch="true" condition-coverage="0% (0/2)" missing-branches="662,663"/>
						<line number="662" hits="0"/>
						<line number="663" hits="0"/>
						<line number="664" hits="0"/>
						<line number="667" hits="0"/>
						<line number="668" hits="0"/>
						<line number="672" hits="0" branch="true" condition-coverage="0% (0/2)" missing-branches="673,688"/>
						<line number="673" hits="0"/>
						<line number="688" hits="0" branch="true" condition-coverage="0% (0/2)" missing-branches="exit,689"/>
						<line number="689" hits="0"/>
						<line number="690" hits="0"/>
						<line number="693" hits="1"/>
						<line number="710" hits="0"/>
						<line number="711" hits="0"/>
						<line number="712" hits="0"/>
						<line number="713" hits="0"/>
						<line number="714" hits="0"/>
						<line number="715" hits="0" branch="true" condition-coverage="0% (0/2)" missing-branches="716,722"/>
						<line number="716" hits="0"/>
						<line number="717" hits="0"/>
						<line number="718" hits="0"/>
						<line number="719" hits="0"/>
						<line number="720" hits="0"/>
						<line number="722" hits="0"/>
						<line number="723" hits="0"/>
						<line number="724" hits="0" branch="true" condition-coverage="0% (0/2)" missing-branches="725,726"/>
						<line number="725" hits="0"/>
						<line number="726" hits="0" branch="true" condition-coverage="0% (0/2)" missing-branches="727,728"/>
						<line number="727" hits="0"/>
						<line number="728" hits="0"/>
						<line number="732" hits="0" branch="true" condition-coverage="0% (0/2)" missing-branches="733,736"/>
						<line number="733" hits="0"/>
						<line number="736" hits="0" branch="true" condition-coverage="0% (0/2)" missing-branches="737,743"/>
						<line number="737" hits="0" branch="true" condition-coverage="0% (0/2)" missing-branches="738,740"/>
						<line number="738" hits="0"/>
						<line number="740" hits="0"/>
						<line number="743" hits="0" branch="true" condition-coverage="0% (0/2)" missing-branches="744,747"/>
						<line number="744" hits="0"/>
						<line number="747" hits="0" branch="true" condition-coverage="0% (0/2)" missing-branches="748,750"/>
						<line number="748" hits="0"/>
						<line number="750" hits="0"/>
						<line number="751" hits="0"/>
						<line number="752" hits="0"/>
						<line number="754" hits="0" branch="true" condition-coverage="0% (0/2)" missing-branches="755,756"/>
						<line number="755" hits="0"/>
						<line number="756" hits="0" branch="true" condition-coverage="0% (0/2)" missing-branches="757,760"/>
						<line number="757" hits="0"/>
						<line number="760" hits="0"/>
						<line number="762" hits="0"/>
						<line number="763" hits="0" branch="true" condition-coverage="0% (0/2)" missing-branches="764,767"/>
						<line number="764" hits="0"/>
						<line number="765" hits="0"/>
						<line number="766" hits="0"/>
						<line number="767" hits="0" branch="true" condition-coverage="0% (0/2)" missing-branches="768,770"/>
						<line number="768" hits="0"/>
						<line number="770" hits="0"/>
						<line number="774" hits="1"/>
						<line number="785" hits="0"/>
						<line number="786" hits="0"/>
						<line number="787" hits="0"/>
						<line number="788" hits="0"/>
						<line number="789" hits="0"/>
						<line number="790" hits="0"/>
						<line number="792" hits="0"/>
						<line number="794" hits="0"/>
						<line number="797" hits="0" branch="true" condition-coverage="0% (0/2)" missing-branches="799,821"/>
						<line number="799" hits="0"/>
						<line number="800" hits="0"/>
						<line number="801" hits="0"/>
						<line number="802" hits="0"/>
						<line number="803" hits="0"/>
						<line number="804" hits="0"/>
						<line number="808" hits="0"/>
						<line number="821" hits="0"/>
						<line number="822" hits="0" branch="true" condition-coverage="0% (0/2)" missing-branches="823,824"/>
						<line number="823" hits="0"/>
						<line number="824" hits="0"/>
						<line number="825" hits="0"/>
						<line number="828" hits="0"/>
						<line number="829" hits="0" branch="true" condition-coverage="0% (0/2)" missing-branches="830,831"/>
						<line number="830" hits="0"/>
						<line number="831" hits="0"/>
						<line number="832" hits="0"/>
						<line number="835" hits="0"/>
						<line number="836" hits="0"/>
						<line number="840" hits="0" branch="true" condition-coverage="0% (0/2)" missing-branches="841,856"/>
						<line number="841" hits="0"/>
						<line number="856" hits="0" branch="true" condition-coverage="0% (0/2)" missing-branches="exit,857"/>
						<line number="857" hits="0"/>
						<line number="858" hits="0"/>
						<line number="861" hits="1"/>
						<line number="878" hits="0"/>
						<line number="879" hits="0"/>
						<line number="880" hits="0"/>
						<line number="881" hits="0"/>
						<line number="882" hits="0"/>
						<line number="883" hits="0" branch="true" condition-coverage="0% (0/2)" missing-branches="884,890"/>
						<line number="884" hits="0"/>
						<line number="885" hits="0"/>
						<line number="886" hits="0"/>
						<line number="887" hits="0"/>
						<line number="888" hits="0"/>
						<line number="890" hits="0"/>
						<line number="891" hits="0"/>
						<line number="892" hits="0" branch="true" condition-coverage="0% (0/2)" missing-branches="893,894"/>
						<line number="893" hits="0"/>
						<line number="894" hits="0" branch="true" condition-coverage="0% (0/2)" missing-branches="895,897"/>
						<line number="895" hits="0"/>
						<line number="897" hits="0"/>
						<line number="900" hits="0" branch="true" condition-coverage="0% (0/2)" missing-branches="902,905"/>
						<line number="902" hits="0"/>
						<line number="905" hits="0" branch="true" condition-coverage="0% (0/2)" missing-branches="906,912"/>
						<line number="906" hits="0" branch="true" condition-coverage="0% (0/2)" missing-branches="907,909"/>
						<line number="907" hits="0"/>
						<line number="909" hits="0"/>
						<line number="912" hits="0" branch="true" condition-coverage="0% (0/2)" missing-branches="913,916"/>
						<line number="913" hits="0"/>
						<line number="916" hits="0" branch="true" condition-coverage="0% (0/2)" missing-branches="917,919"/>
						<line number="917" hits="0"/>
						<line number="919" hits="0"/>
						<line number="920" hits="0"/>
						<line number="921" hits="0"/>
[...]
						<line number="1066" hits="0"/>
						<line number="1067" hits="0"/>
						<line number="1068" hits="0"/>
						<line number="1069" hits="0"/>
						<line number="1071" hits="0" branch="true" condition-coverage="0% (0/2)" missing-branches="1073,1079"/>
						<line number="1073" hits="0"/>
						<line number="1079" hits="0" branch="true" condition-coverage="0% (0/2)" missing-branches="1080,1098"/>
						<line number="1080" hits="0"/>
						<line number="1091" hits="0"/>
						<line number="1098" hits="0" branch="true" condition-coverage="0% (0/2)" missing-branches="1099,1110"/>
						<line number="1099" hits="0"/>
						<line number="1110" hits="0" branch="true" condition-coverage="0% (0/2)" missing-branches="1111,1145"/>
						<line number="1111" hits="0"/>
						<line number="1112" hits="0"/>
						<line number="1113" hits="0"/>
						<line number="1114" hits="0"/>
						<line number="1116" hits="0" branch="true" condition-coverage="0% (0/2)" missing-branches="1117,1136"/>
						<line number="1117" hits="0"/>
						<line number="1118" hits="0"/>
						<line number="1119" hits="0"/>
						<line number="1120" hits="0"/>
						<line number="1121" hits="0"/>
						<line number="1122" hits="0"/>
						<line number="1136" hits="0"/>
						<line number="1145" hits="0"/>
						<line number="1154" hits="0" branch="true" condition-coverage="0% (0/2)" missing-branches="1160,1174"/>
						<line number="1160" hits="0"/>
						<line number="1161" hits="0"/>
						<line number="1162" hits="0"/>
						<line number="1163" hits="0"/>
						<line number="1164" hits="0"/>
						<line number="1165" hits="0"/>
						<line number="1174" hits="0" branch="true" condition-coverage="0% (0/2)" missing-branches="1175,1183"/>
						<line number="1175" hits="0"/>
						<line number="1183" hits="0" branch="true" condition-coverage="0% (0/2)" missing-branches="1184,1198"/>
						<line number="1184" hits="0"/>
						<line number="1185" hits="0"/>
						<line number="1186" hits="0"/>
						<line number="1187" hits="0"/>
						<line number="1188" hits="0"/>
						<line number="1189" hits="0"/>
						<line number="1198" hits="0"/>
						<line number="1199" hits="0"/>
						<line number="1200" hits="0"/>
						<line number="1202" hits="0" branch="true" condition-coverage="0% (0/2)" missing-branches="1203,1204"/>
						<line number="1203" hits="0"/>
						<line number="1204" hits="0" branch="true" condition-coverage="0% (0/2)" missing-branches="1205,1207"/>
						<line number="1205" hits="0"/>
						<line number="1207" hits="0" branch="true" condition-coverage="0% (0/2)" missing-branches="1208,1209"/>
						<line number="1208" hits="0"/>
						<line number="1209" hits="0" branch="true" condition-coverage="0% (0/2)" missing-branches="1210,1212"/>
						<line number="1210" hits="0"/>
						<line number="1212" hits="0"/>
						<line number="1213" hits="0"/>
						<line number="1214" hits="0" branch="true" condition-coverage="0% (0/2)" missing-branches="1215,1217"/>
						<line number="1215" hits="0"/>
						<line number="1217" hits="0"/>
						<line number="1219" hits="0" branch="true" condition-coverage="0% (0/2)" missing-branches="1220,1222"/>
						<line number="1220" hits="0"/>
						<line number="1221" hits="0"/>
						<line number="1222" hits="0" branch="true" condition-coverage="0% (0/2)" missing-branches="1223,1225"/>
						<line number="1223" hits="0"/>
						<line number="1225" hits="0"/>
						<line number="1228" hits="1"/>
						<line number="1242" hits="0"/>
						<line number="1243" hits="0"/>
						<line number="1244" hits="0"/>
						<line number="1245" hits="0"/>
						<line number="1246" hits="0"/>
						<line number="1247" hits="0"/>
						<line number="1249" hits="0"/>
						<line number="1250" hits="0"/>
						<line number="1252" hits="0"/>
						<line number="1253" hits="0" branch="true" condition-coverage="0% (0/2)" missing-branches="1254,1262"/>
						<line number="1254" hits="0"/>
						<line number="1262" hits="0" branch="true" condition-coverage="0% (0/2)" missing-branches="1263,1300"/>
						<line number="1263" hits="0"/>
						<line number="1264" hits="0"/>
						<line number="1265" hits="0"/>
						<line number="1266" hits="0"/>
						<line number="1271" hits="0"/>
						<line number="1273" hits="0"/>
						<line number="1284" hits="0" branch="true" condition-coverage="0% (0/2)" missing-branches="1285,1287"/>
						<line number="1285" hits="0"/>
						<line number="1287" hits="0"/>
						<line number="1300" hits="0"/>
						<line number="1301" hits="0"/>
						<line number="1302" hits="0" branch="true" condition-coverage="0% (0/2)" missing-branches="1303,1307"/>
						<line number="1303" hits="0"/>
						<line number="1304" hits="0"/>
						<line number="1305" hits="0"/>
						<line number="1307" hits="0" branch="true" condition-coverage="0% (0/2)" missing-branches="1308,1309"/>
						<line number="1308" hits="0"/>
						<line number="1309" hits="0" branch="true" condition-coverage="0% (0/2)" missing-branches="1310,1312"/>
						<line number="1310" hits="0"/>
						<line number="1312" hits="0"/>
						<line number="1313" hits="0"/>
						<line number="1314" hits="0"/>
						<line number="1315" hits="0"/>
						<line number="1318" hits="0"/>
						<line number="1319" hits="0"/>
						<line number="1321" hits="0" branch="true" condition-coverage="0% (0/2)" missing-branches="1322,1341"/>
						<line number="1322" hits="0"/>
						<line number="1341" hits="0" branch="true" condition-coverage="0% (0/2)" missing-branches="exit,1342"/>
						<line number="1342" hits="0"/>
						<line number="1343" hits="0"/>
						<line number="1351" hits="1"/>
						<line number="1352" hits="0"/>
						<line number="1353" hits="0"/>
						<line number="1355" hits="0"/>
						<line number="1356" hits="0"/>
						<line number="1357" hits="0"/>
						<line number="1363" hits="0"/>
						<line number="1364" hits="0"/>
						<line number="1365" hits="0"/>
						<line number="1366" hits="0"/>
						<line number="1367" hits="0"/>
						<line number="1368" hits="0"/>
						<line number="1369" hits="0" branch="true" condition-coverage="0% (0/2)" missing-branches="1370,1372"/>
						<line number="1370" hits="0"/>
						<line number="1371" hits="0"/>
						<line number="1372" hits="0" branch="true" condition-coverage="0% (0/2)" missing-branches="1373,1375"/>
						<line number="1373" hits="0"/>
						<line number="1375" hits="0"/>
						<line number="1377" hits="1"/>
						<line number="1390" hits="0"/>
						<line number="1392" hits="0"/>
						<line number="1393" hits="0"/>
						<line number="1394" hits="0"/>
						<line number="1396" hits="0"/>
						<line number="1398" hits="0"/>
						<line number="1400" hits="0"/>
						<line number="1401" hits="0"/>
						<line number="1402" hits="0"/>
						<line number="1403" hits="0"/>
						<line number="1404" hits="0"/>
						<line number="1407" hits="0"/>
						<line number="1408" hits="0"/>
						<line number="1410" hits="0"/>
						<line number="1411" hits="0"/>
						<line number="1413" hits="0" branch="true" condition-coverage="0% (0/2)" missing-branches="1414,1425"/>
						<line number="1414" hits="0" branch="true" condition-coverage="0% (0/2)" missing-branches="1415,1425"/>
						<line number="1415" hits="0" branch="true" condition-coverage="0% (0/2)" missing-branches="1414,1416"/>
						<line number="1416" hits="0"/>
						<line number="1425" hits="0"/>
						<line number="1426" hits="0" branch="true" condition-coverage="0% (0/2)" missing-branches="1427,1429"/>
						<line number="1427" hits="0"/>
						<line number="1428" hits="0"/>
						<line number="1429" hits="0" branch="true" condition-coverage="0% (0/2)" missing-branches="1430,1432"/>
						<line number="1430" hits="0"/>
						<line number="1432" hits="0"/>
						<line number="1434" hits="1"/>
						<line number="1464" hits="0"/>
						<line number="1465" hits="0"/>
						<line number="1466" hits="0"/>
						<line number="1467" hits="0"/>
						<line number="1468" hits="0"/>
						<line number="1478" hits="0"/>
						<line number="1479" hits="0"/>
						<line number="1480" hits="0"/>
						<line number="1483" hits="0" branch="true" condition-coverage="0% (0/2)" missing-branches="1484,1494"/>
						<line number="1484" hits="0"/>
						<line number="1485" hits="0"/>
						<line number="1486" hits="0"/>
						<line number="1488" hits="0"/>
						<line number="1489" hits="0"/>
						<line number="1490" hits="0"/>
						<line number="1491" hits="0"/>
						<line number="1494" hits="0"/>
						<line number="1495" hits="0"/>
						<line number="1496" hits="0"/>
						<line number="1497" hits="0"/>
						<line number="1498" hits="0"/>
						<line number="1499" hits="0"/>
						<line number="1500" hits="0"/>
						<line number="1501" hits="0"/>
						<line number="1502" hits="0"/>
						<line number="1503" hits="0"/>
						<line number="1504" hits="0"/>
						<line number="1505" hits="0"/>
						<line number="1506" hits="0"/>
						<line number="1509" hits="0"/>
						<line number="1513" hits="0"/>
						<line number="1515" hits="0"/>
						<line number="1516" hits="0"/>
						<line number="1517" hits="0"/>
						<line number="1521" hits="0" branch="true" condition-coverage="0% (0/2)" missing-branches="1522,1527"/>
						<line number="1522" hits="0"/>
						<line number="1523" hits="0"/>
						<line number="1524" hits="0"/>
						<line number="1527" hits="0"/>
						<line number="1528" hits="0"/>
						<line number="1529" hits="0"/>
						<line number="1530" hits="0"/>
						<line number="1531" hits="0"/>
						<line number="1533" hits="0"/>
						<line number="1534" hits="0"/>
						<line number="1535" hits="0"/>
						<line number="1536" hits="0"/>
						<line number="1538" hits="0"/>
						<line number="1540" hits="0" branch="true" condition-coverage="0% (0/2)" missing-branches="1541,1545"/>
						<line number="1541" hits="0"/>
						<line number="1542" hits="0"/>
						<line number="1543" hits="0"/>
						<line number="1545" hits="0"/>
						<line number="1548" hits="1"/>
						<line number="1552" hits="0"/>
						<line number="1559" hits="0"/>
						<line number="1565" hits="0"/>
						<line number="1567" hits="1"/>
						<line number="1581" hits="0"/>
						<line number="1582" hits="0" branch="true" condition-coverage="0% (0/2)" missing-branches="1583,1609"/>
						<line number="1583" hits="0"/>
						<line number="1587" hits="0"/>
						<line number="1588" hits="0"/>
						<line number="1589" hits="0"/>
						<line number="1590" hits="0"/>
						<line number="1591" hits="0"/>
						<line number="1592" hits="0"/>
						<line number="1593" hits="0"/>
						<line number="1594" hits="0"/>
						<line number="1595" hits="0"/>
						<line number="1597" hits="0"/>
						<line number="1598" hits="0"/>
						<line number="1600" hits="0"/>
						<line number="1609" hits="0"/>
						<line number="1611" hits="1"/>
						<line number="1619" hits="0"/>
						<line number="1620" hits="0"/>
						<line number="1624" hits="0"/>
						<line number="1625" hits="0"/>
						<line number="1630" hits="0"/>
						<line number="1631" hits="0"/>
						<line number="1632" hits="0" branch="true" condition-coverage="0% (0/2)" missing-branches="1633,1637"/>
						<line number="1633" hits="0" branch="true" condition-coverage="0% (0/2)" missing-branches="1632,1634"/>
						<line number="1634" hits="0"/>
						<line number="1635" hits="0"/>
						<line number="1637" hits="0"/>
						<line number="1639" hits="1"/>
						<line number="1644" hits="0"/>
						<line number="1645" hits="0"/>
						<line number="1646" hits="0"/>
						<line number="1647" hits="0"/>
						<line number="1648" hits="0"/>
						<line number="1650" hits="0"/>
						<line number="1651" hits="0"/>
						<line number="1653" hits="0"/>
						<line number="1654" hits="0" branch="true" condition-coverage="0% (0/2)" missing-branches="1655,1658"/>
						<line number="1655" hits="0" branch="true" condition-coverage="0% (0/2)" missing-branches="1654,1656"/>
						<line number="1656" hits="0"/>
						<line number="1658" hits="0"/>
						<line number="1660" hits="0"/>
						<line number="1662" hits="0" branch="true" condition-coverage="0% (0/2)" missing-branches="1663,1668"/>
						<line number="1663" hits="0"/>
						<line number="1664" hits="0"/>
						<line number="1665" hits="0"/>
						<line number="1666" hits="0"/>
						<line number="1668" hits="0"/>
						<line number="1669" hits="0" branch="true" condition-coverage="0% (0/2)" missing-branches="1670,1674"/>
						<line number="1670" hits="0"/>
						<line number="1671" hits="0"/>
						<line number="1672" hits="0"/>
						<line number="1674" hits="0"/>
						<line number="1676" hits="1"/>
						<line number="1677" hits="0"/>
						<line number="1678" hits="0"/>
						<line number="1679" hits="0"/>
						<line number="1680" hits="0"/>
						<line number="1681" hits="0"/>
						<line number="1682" hits="0"/>
						<line number="1683" hits="0"/>
						<line number="1684" hits="0"/>
						<line number="1685" hits="0"/>
						<line number="1688" hits="1"/>
						<line number="1689" hits="0"/>
						<line number="1690" hits="0"/>
						<line number="1691" hits="0"/>
					</lines>
				</class>
				<class name="stream_lines_grad.py" filename="src/sting/stream_lines_grad.py" complexity="0" line-rate="0.2376" branch-rate="0">
					<methods/>
					<lines>
						<line number="20" hits="1"/>
						<line number="21" hits="1"/>
						<line number="22" hits="1"/>
						<line number="23" hits="1"/>
						<line number="24" hits="1"/>
						<line number="25" hits="1"/>
						<line number="29" hits="1"/>
						<line number="30" hits="1"/>
						<line number="31" hits="1"/>
						<line number="32" hits="1"/>
						<line number="36" hits="1"/>
						<line number="45" hits="1"/>
						<line number="46" hits="1"/>
						<line number="48" hits="0"/>
						<line number="50" hits="1"/>
						<line number="51" hits="1"/>
						<line number="59" hits="0"/>
						<line number="60" hits="0"/>
						<line number="62" hits="1"/>
						<line number="63" hits="1"/>
						<line number="73" hits="0"/>
						<line number="74" hits="0"/>
						<line number="75" hits="0"/>
						<line number="77" hits="1"/>
						<line number="78" hits="1"/>
						<line number="79" hits="0"/>
						<line number="80" hits="0"/>
						<line number="81" hits="0"/>
						<line number="83" hits="1"/>
						<line number="84" hits="1"/>
						<line number="85" hits="0"/>
						<line number="86" hits="0"/>
						<line number="87" hits="0"/>
						<line number="90" hits="1"/>
						<line number="91" hits="1"/>
						<line number="98" hits="0"/>
						<line number="99" hits="0"/>
						<line number="104" hits="0"/>
						<line number="105" hits="0"/>
						<line number="106" hits="0"/>
						<line number="108" hits="0"/>
						<line number="109" hits="0"/>
						<line number="110" hits="0"/>
						<line number="111" hits="0"/>
						<line number="112" hits="0"/>
						<line number="113" hits="0"/>
						<line number="114" hits="0"/>
						<line number="115" hits="0"/>
						<line number="117" hits="0"/>
						<line number="119" hits="1"/>
						<line number="120" hits="1"/>
						<line number="129" hits="0"/>
						<line number="130" hits="0"/>
						<line number="133" hits="0"/>
						<line number="134" hits="0"/>
						<line number="135" hits="0"/>
						<line number="137" hits="0"/>
						<line number="138" hits="0"/>
						<line number="140" hits="1"/>
						<line number="141" hits="1"/>
						<line number="151" hits="0"/>
						<line number="152" hits="0"/>
						<line number="153" hits="0"/>
						<line number="156" hits="1"/>
						<line number="157" hits="1"/>
						<line number="167" hits="0"/>
						<line number="168" hits="0"/>
						<line number="169" hits="0"/>
						<line number="171" hits="1"/>
						<line number="172" hits="1"/>
						<line number="180" hits="0"/>
						<line number="181" hits="0"/>
						<line number="187" hits="0"/>
						<line number="188" hits="0"/>
						<line number="189" hits="0"/>
						<line number="193" hits="1"/>
						<line number="194" hits="1"/>
						<line number="208" hits="0"/>
						<line number="209" hits="0"/>
						<line number="210" hits="0"/>
						<line number="211" hits="0"/>
						<line number="215" hits="0"/>
						<line number="217" hits="0"/>
						<line number="218" hits="0"/>
						<line number="220" hits="0"/>
						<line number="221" hits="0"/>
						<line number="222" hits="0"/>
						<line number="226" hits="0"/>
						<line number="230" hits="0"/>
						<line number="231" hits="0"/>
						<line number="232" hits="0"/>
						<line number="233" hits="0"/>
						<line number="235" hits="0"/>
						<line number="238" hits="1"/>
						<line number="239" hits="1"/>
						<line number="259" hits="0"/>
						<line number="260" hits="0"/>
						<line number="261" hits="0"/>
						<line number="263" hits="0"/>
						<line number="264" hits="0" branch="true" condition-coverage="0% (0/2)" missing-branches="266,268"/>
						<line number="266" hits="0"/>
						<line number="268" hits="0"/>
						<line number="270" hits="0"/>
						<line number="271" hits="0"/>
						<line number="272" hits="0"/>
						<line number="274" hits="0"/>
						<line number="276" hits="0"/>
						<line number="278" hits="0"/>
						<line number="280" hits="1"/>
						<line number="281" hits="1"/>
						<line number="284" hits="0"/>
						<line number="285" hits="0"/>
						<line number="287" hits="0"/>
						<line number="288" hits="0"/>
						<line number="289" hits="0"/>
						<line number="290" hits="0"/>
						<line number="292" hits="0"/>
						<line number="298" hits="1"/>
						<line number="299" hits="1"/>
						<line number="319" hits="0"/>
						<line number="320" hits="0"/>
						<line number="321" hits="0"/>
						<line number="323" hits="0"/>
						<line number="325" hits="0"/>
						<line number="327" hits="0"/>
						<line number="329" hits="1"/>
						<line number="331" hits="0"/>
						<line number="336" hits="1"/>
						<line number="338" hits="0"/>
						<line number="339" hits="0"/>
						<line number="344" hits="1"/>
						<line number="373" hits="0"/>
						<line number="374" hits="0"/>
						<line number="375" hits="0"/>
						<line number="376" hits="0"/>
						<line number="377" hits="0"/>
						<line number="378" hits="0"/>
						<line number="379" hits="0"/>
						<line number="380" hits="0"/>
						<line number="381" hits="0"/>
						<line number="382" hits="0"/>
						<line number="383" hits="0"/>
						<line number="384" hits="0"/>
						<line number="385" hits="0"/>
						<line number="387" hits="0"/>
						<line number="389" hits="0"/>
						<line number="393" hits="0"/>
						<line number="397" hits="0"/>
						<line number="398" hits="0"/>
						<line number="399" hits="0"/>
						<line number="403" hits="0"/>
						<line number="404" hits="0"/>
						<line number="406" hits="0"/>
						<line number="407" hits="0"/>
						<line number="408" hits="0"/>
						<line number="409" hits="0"/>
						<line number="410" hits="0"/>
						<line number="411" hits="0"/>
						<line number="412" hits="0"/>
						<line number="413" hits="0"/>
						<line number="415" hits="0"/>
						<line number="416" hits="0"/>
						<line number="419" hits="0"/>
						<line number="422" hits="0"/>
						<line number="425" hits="0"/>
						<line number="427" hits="0"/>
						<line number="428" hits="0"/>
						<line number="429" hits="0"/>
						<line number="430" hits="0"/>
						<line number="431" hits="0"/>
						<line number="433" hits="0"/>
						<line number="434" hits="0"/>
						<line number="435" hits="0"/>
						<line number="437" hits="0"/>
						<line number="438" hits="0"/>
						<line number="439" hits="0"/>
						<line number="440" hits="0"/>
						<line number="441" hits="0"/>
						<line number="442" hits="0"/>
						<line number="443" hits="0"/>
						<line number="448" hits="1"/>
					</lines>
				</class>
			</classes>
		</package>
	</packages>
</coverage>
